NA12878-PCRF450-1_S1_L001_R1_001.fastq.gz NA12878-PCRF450-1_S1_L001_R2_001.fastq.gz
Archive:  dragen-vcml-hg38-3.1-0.zip
  inflating: dragen-vcml-hg38-3.1-0.run  
-rw-r--r-- 1 1000 1000 1.9G Aug 19 11:09 ml/mappability.bw
-rw-r--r-- 1 1000 1000  374 Aug 19 11:09 ml/md5sum
-rw-r--r-- 1 1000 1000  610 Aug 19 11:09 ml/meta.json
-rw-r--r-- 1 1000 1000 6.8M Aug 19 11:09 ml/model.bin
-rw-r--r-- 1 1000 1000  29M Aug 19 11:09 ml/replication.txt
-rw-r--r-- 1 1000 1000  12G Aug 19 11:08 ml/gerp.bw
-rw-r--r-- 1 1000 1000  52M Aug 19 11:08 ml/homopolymers.bed.gz
-rw-r--r-- 1 1000 1000  216 Aug 19 11:08 ml/info.json
-rw-r--r-- 1 1000 1000 3.7M Aug 19 11:08 ml/lowmap.bed.gz
Resetting board #0
Resetting board #1
INFO: Loaded empty agfi

==================================================================
Downloading DNA Map/Align HW bitstream (board 1, agfi-00952cab30ecef577) - do not interrupt
==================================================================
INFO: Loaded empty agfi

==================================================================
Downloading DNA Map/Align HW bitstream (agfi-00952cab30ecef577) - do not interrupt
==================================================================
............
AGFI: Downloaded HW bitstream agfi-00952cab30ecef577
..
AGFI: Downloaded HW bitstream agfi-00952cab30ecef577
Generating run log at /var/log/dragen/dragen_run_1692443366715_10236.log

Command Line: /opt/edico/bin/dragen --partial-reconfig HMM --ignore-version-check true 
DRAGEN Host Software Version 05.021.624.3.10.4 and Bio-IT Processor Version 0x04261818

AutoDetected reference: UNKNOWN
INFO: AGFI currently loaded agfi-00952cab30ecef577
WARNING: Bypassing bitstream version check! Currently loaded version: 0x05021624

==================================================================
Downloading HMM HW bitstream (agfi-018075550f8b798f4) - do not interrupt
==================================================================
..
AGFI: Downloaded HW bitstream agfi-018075550f8b798f4

RUN TIME                                                                         Time partial reconfiguration                                      00:00:03.183   3.18
RUN TIME                                                                         Total runtime                                                     00:00:03.477   3.48
==================================================================
DRAGEN finished normally
Generating system log at ./NA12878/dragen_syslog_1692443370448_10302.log
Generating run log at ./NA12878/dragen_run_1692443370474_10302.log
Command Line: /opt/edico/bin/dragen --lic-instance-id-location /opt/instance-identity --output-directory ./NA12878 --intermediate-results-dir /scratch --output-file-prefix NA12878 --fastq-list my_sample.dragen_germline.fastq_list.csv --fastq-list-sample-id NA12878 --ref-dir /scratch/reference --enable-map-align true --enable-map-align-output true --enable-duplicate-marking true --enable-sort true --output-format CRAM --enable-bam-indexing true --gc-metrics-enable true --enable-variant-caller true --vc-emit-ref-confidence GVCF --vc-enable-phasing true --vc-enable-vcf-output true --vc-enable-joint-detection true --enable-cnv true --cnv-segmentation-mode SLM --cnv-enable-self-normalization true --cnv-enable-ref-calls false --cnv-interval-width 1000 --cnv-filter-length 0 --enable-gba true --enable-cyp2d6 true --enable-hla false --enable-smn true --enable-sv true --repeat-genotype-enable true --vc-enable-roh true --qc-cross-cont-vcf=/opt/edico/config/sample_cross_contamination_resource_hg38.vcf.gz --vc-ml-dir ml --vc-ml-enable-recalibration true --force 
DRAGEN Host Software Version 05.021.624.3.10.4 and Bio-IT Processor Version 0x04261818

LICENSE_MSG| server version v1.4.2-349afe8
AutoDetected reference: hg38_alt_aware
AutoDetected repeat genotyping specs: /opt/edico/repeat-specs/hg38
AutoDetected ROH blacklist bed file: /opt/edico/config/ROH_calling_blacklist_GRCh38.bed.gz
INFO: AGFI currently loaded agfi-018075550f8b798f4

==================================================================
Downloading DNA Map/Align HW bitstream (agfi-00952cab30ecef577) - do not interrupt
==================================================================
..
AGFI: Downloaded HW bitstream agfi-00952cab30ecef577

==================================================================
Writing reference to card memory (Dynamically masked)
==================================================================
Loaded variant caller reference file

==================================================================
DNA Mapper/Aligner Configuration
==================================================================
config-file:                       /opt/edico//config/dragen-user-defaults.cfg
fastqs (Read 1):                   
NA12878-PCRF450-1_S1_L001_R1_001.fastq.gz
fastqs (Read 2):                   
NA12878-PCRF450-1_S1_L001_R2_001.fastq.gz
ref-dir:                           /scratch/reference
built-with-liftover:               false
built-with-maskbed:                true
liftover-enabled:                  false
intermediate-results-dir:          /scratch
output-directory:                  ./NA12878
output-file-prefix:                NA12878
output-format:                     CRAM
enable-map-align:                  true
auto-pe-stats-detection:           enabled
pe-stats-continuous-update:        disabled
pe-stats-update-log-only:          disabled
enable-positional-collapsing:      false
enable-map-align-output:           true
enable-sort:                       true
enable-duplicate-marking:          true
dupmark-version:                   hash
remove-duplicates:                 false

==================================================================
Processing reads
==================================================================
LICENSE_MSG| Requested streams: DNA mapper(x1) unzip(x2)
LICENSE_MSG|   Board AWS-SN0, CHIPID=0000000000000000
LICENSE_MSG| Allocation:
LICENSE_MSG|   #0: board 0 stream 0, DNA mapper -> DNA mapper
LICENSE_MSG|   #1: board 0 stream 1, unzip -> unzip
LICENSE_MSG|   #2: board 0 stream 2, zip -> free
LICENSE_MSG|   #3: board 0 stream 3, unzip -> unzip
LICENSE_MSG|   #4: board 0 stream 4, zip -> free
LICENSE_MSG|   #5: board 0 stream 5, zip -> free
Opening FASTQ file NA12878-PCRF450-1_S1_L001_R1_001.fastq.gz
Opening FASTQ file NA12878-PCRF450-1_S1_L001_R2_001.fastq.gz

==================================================================
Processing target regions
==================================================================
Generating target intervals with minimum kmer-unique fraction of 0.45

==================================================================
Running CYP2D6 Caller
==================================================================
Loading regions from bed file at /opt/edico//config/CYP2D6_region_38.bed

==================================================================
Running GBA Caller
==================================================================

==================================================================
Launching DRAGEN Copy Number Variant Caller
==================================================================
Calculate Target Counts Parameters:
Loading regions from bed file at /opt/edico//config/GBA_region_38.bed

                             ==================================================================
Running SMN Caller
==================================================================
cnv-counts-method             : start
Loading regions from bed file at /opt/edico//config/SMN_region_38.bed
cnv-enable-gcbias-correction  : true
cnv-enable-gcbias-smoothing   : true
cnv-interval-width            : 1000
cnv-num-gc-bins               : 25
ref-dir                       : /scratch/reference

Output and Filter Parameters:
cnv-enable-plots              : false
cnv-enable-tracks             : true
cnv-filter-bin-support-ratio  : 0.2
cnv-filter-copy-ratio         : 0.2
cnv-filter-length             : 0
cnv-filter-paired-end         : 0
cnv-filter-qual               : 10
cnv-max-qual                  : 150
cnv-min-qual                  : 0
cnv-merge-threshold           : 0.2
cnv-ploidy                    : 2
enable-vcf-compression        : true
enable-vcf-indexing           : true
output-directory              : ./NA12878
output-file-prefix            : NA12878
Loading differentiating sites from bed file at /opt/edico//config/GBA_differentiating_sites_38.tsv
Loading target variants from bed file at /opt/edico//config/GBA_target_variant_38.tsv
Loading target variants in homologous region from bed file at /opt/edico//config/GBA_target_variant_homology_region_38.tsv
Loading differentiating sites from /opt/edico//config/CYP2D6_differentiating_sites_38.tsv
Loading differentiating sites from /opt/edico//config/SMN_differentiating_sites_38.tsv
Finished loading SMN configuration files
Loading target variants in non-homologous regions from /opt/edico//config/CYP2D6_target_variant_38.tsv
Loading target variants in homologous regions from /opt/edico//config/CYP2D6_target_variant_homology_region_38.tsv
Loading target variant differentiating sites from /opt/edico//config/CYP2D6_target_variant_differentiating_sites.tsv
Loading target variant phasing groups from /opt/edico//config/CYP2D6_target_variant_phasing.tsv
Loading star allele table from /opt/edico//config/CYP2D6_star_table.tsv
Loading haplotype frequencies from /opt/edico//config/CYP2D6_haplotype_frequencies.tsv
Finished loading CYP2D6 configuration files
Number of target regions: 2398006

==================================================================
Repeat Genotyping Configuration
==================================================================
Variant Catalog:                   /opt/edico/repeat-specs/hg38/variant_catalog.json
Min. Base Quality:                 20
Region Length:                     1000

==================================================================
Binner Configuration
==================================================================
  predicted_output_size :  202GB
  max_bin_size          :  900MB
  total_system_memory   :  239GB
  total_bin_memory      :  20GB
  sort_buffer_size      :  1024kB
  predicted_num_bins    :  231
  max_num_bins          :  8192
  num_bins              :  231
  partition key         :  POSITION
  generate_SA           :  1
  sort_threads          :  4
  dedup_threads         :  4
  dbam2bam_threads      :  16

Duplicate Marking Initialization Threads: 13
Dividing sort intermediate data into 231 partitions for mapped, and an equal number for unmapped, records. 
Initial paired-end statistics detected for read group NA12878, based on 90862 high quality pairs for FR orientation
        Quartiles (25 50 75) = 416 489 578
        Mean = 500.069
        Standard deviation = 121.952
        Rescue radius = 304.881
        Effective rescue sigmas = 2.5
        Boundaries for mean and standard deviation: low = 92, high = 902
        Boundaries for proper pairs: low = 1, high = 1064
        NOTE: DRAGEN's insert estimates include corrections for clipping (so they are not identical to TLEN)
Spilling sort intermediate results to disk
Closing FASTQ file NA12878-PCRF450-1_S1_L001_R1_001.fastq.gz
Closing FASTQ file NA12878-PCRF450-1_S1_L001_R2_001.fastq.gz
normalized d67 coverage 1.28472
normalized spacer coverage 1.59948
Raw Total CYP2D6 + CYP2D7 CN 5.1389
Total CYP2D6 + CYP2D7 CN 5
Raw Spacer CN 3.19895
Spacer CN 3
CYP2D6-derived downstream (containing REP6) CN 2
Raw GBAdel copy number 1.96751
Raw exon 1-6 copy number 3.87992
Raw exon 7-8 copy number 3.9937
Total SMN copy number 4
Intact SMN copy number 4
Truncated SMN copy number 0
Consensus SMN1 copy number: 2
Splice site only SMA status: 'False'
Differentiating sites consensus SMA status: 'False'
Differentiating sites filter SMA status: 'False'
Consensus SMA status: 'False'
Splice site only carrier status: 'None'
Differentiating sites consensus carrier status: 'False'
Differentiating sites filter carrier status: 'False'
Consensus carrier status: 'False'
Generating SMN caller output to ./NA12878/NA12878.smn.tsv
SMN caller complete.
Partitioning complete.  Lowest evicted: 32
GBA haplotypes: {{ GBA,  GBA,  GBA,  GBA,  GBA,  GBA,  GBA,  GBA,  GBA}, { GBA,  GBA,  GBA,  GBA,  GBAP1,  GBA,  GBA,  GBA,  GBA}, { GBAP1,  GBAP1,  GBAP1,  GBAP1,  GBAP1,  GBAP1,  GBAP1,  GBAP1,  GBAP1}}
Total GBA+GBAP1 copy number: 4
GBA recombinant variants: {}
Generating GBA caller output
GBA caller output written to: ./NA12878/NA12878.gba.tsv
GBA caller complete.
Generating CYP2D6 genotype '*3/*4+*68' to ./NA12878/NA12878.cyp2d6.tsv

==================================================================
Writing out target counts
==================================================================
Generating raw counts to ./NA12878/NA12878.target.counts.gz
Duplicate Marking Threads: 13
Sex genotyper calculation for NA12878
  Autosomal median: 86.5
  X median: 82
  Y median: 0


==================================================================
Sex Genotyper
==================================================================
Predicted sex of sample
  NA12878: FEMALE	XX	0.947977

==================================================================
Performing GC bias correction
==================================================================
.....................
............
..............
...............................
............................
..........
..
....
Group 0 Estimated PCR error probability: 38.6792
Repeat Genotyping sample-sex:Female genome-coverage:25.913
INFO: AGFI currently loaded agfi-00952cab30ecef577

==================================================================
Downloading HMM HW bitstream (agfi-018075550f8b798f4) - do not interrupt
==================================================================
..
AGFI: Downloaded HW bitstream agfi-018075550f8b798f4
LICENSE_MSG| Requested streams: HMM(x1~8) zip(x2) SmW(x1~8) graph(x1~8)
LICENSE_MSG|   Board AWS-SN0, CHIPID=0000000000000000
LICENSE_MSG| Allocation:
LICENSE_MSG|   #0: board 0 stream 0, HMM -> HMM
LICENSE_MSG|   #1: board 0 stream 1, memory -> memory
LICENSE_MSG|   #2: board 0 stream 2, SmW -> SmW
LICENSE_MSG|   #3: board 0 stream 3, graph -> graph
LICENSE_MSG|   #4: board 0 stream 4, zip -> zip
LICENSE_MSG|   #5: board 0 stream 5, zip -> zip

==================================================================
Sorting and Streaming Generated Callable Regions to Variant Caller
==================================================================
Generate MPileup
MPileup min mapq             : 10
MPileup min bq               : 10
MPileup min valid read ratio : 0.95
MPileup min coverage         : 10
Corrected counts written to: ./NA12878/NA12878.target.counts.gc-corrected.gz

==================================================================
Performing self normalization with case counts
==================================================================

==================================================================
Variant Caller Configuration
==================================================================
num-threads:                       16
output-directory:                  ./NA12878
output-file-prefix:                NA12878
vc-reference:                      /scratch/reference/reference.bin
vc-sample-name:                    NA12878
vc-min-read-qual:                  1
vc-min-base-qual:                  10
vc-min-call-qual:                  Initializing depth metrics
0.004341
vc-allocator-size:                 30 GB
vc-use-hw-graph:                   true
sample-sex:                        FEMALE
vc-emit-ref-confidence:            GVCF
vc-max-alternate-alleles:          6
vc-gvcf-bands:                     1 10 20 30 40 60 80 
vc-hard-filter:                    DRAGENSnpHardQUAL:snp: QUAL < 3; DRAGENIndelHardQUAL:indel: QUAL < 3; LowDepth:all: DP <= 1; LowGQ:homref: GQ = 0
vc-enable-dragstr:                 true
vc-pcr-ind-params-cal:             true
vc-enable-frd:                     true
vc-enable-bqd:                     true
vc-enable-coldetec:                true

==================================================================
Variant Caller Initialization
==================================================================
Initializing HMM engine
INFO: overriding HMM TX settings from 16384x16384B to 256x16384
Initializing genotyping threads
Estimated Read Len: 150.41
Initializing SMW engine
Initializing HWGRAPH engine
Initializing region local worker threads
Variant caller using 16-bit SSE2 Smith-Waterman implementation
Initializing active region worker threads
Waiting for reference file to completely load...
Initializing output aggregator thread
memBudget: 21474836480 refLength: 3220153606 maxRefPosPerBin: 4194304 numBins: 768 writeCacheSize: 1879048192
Writing VCF...
Variant caller initialization done

==================================================================
Variant Caller Execution
==================================================================
Streaming reads using generated callable regions...
Sex genotyper calculation for NA12878
  Autosomal median: 86.6446
  X median: 83.2633
  Y median: 0

Filtered 10292 target regions with 0 coverage
Filtered 18658 target regions by standard deviation thresholding
Case sample sigma: 0.196667

==================================================================
Performing segmentation
==================================================================
Segmentation algorithm: Shifting Level Models
Number of segments detected: 2376

==================================================================
Calling CNV segments
==================================================================
1788 segments in copy-neutral region
Length-weighted mean of copy-neutral segments: 1.00223
Length-weighted standard deviation of copy-neutral segments: 0.0288974

1591 segments in copy-neutral region after filtering outliers
Length-weighted mean for z-score calling: 1.00261
Length-weighted standard deviation for z-score calling: 0.0266984

Final output call file written to ./NA12878/NA12878.seg.called

==================================================================
Merging adjacent segments
==================================================================
Number of amplification segments after merging: 111
Number of deletion segments after merging: 426

Final CNV VCF written to ./NA12878/NA12878.cnv.vcf.gz
Final merged output call file written to ./NA12878/NA12878.seg.called.merged

==================================================================
Excluded Intervals Summary
==================================================================
Filtered 42961 target intervals by NON_KMER_UNIQUE
Final filtered intervals output file written to ./NA12878/NA12878.cnv.excluded_intervals.bed.gz

==================================================================
Generating track files
==================================================================
Launched 5 threads for tracks generation.

==================================================================
Completed DRAGEN Copy Number Variant Caller
==================================================================

WriteResultsToCrossContFile
Wrote Pileup file: ./NA12878/NA12878.pileup.txt
Estimating sample contamination from 17301 valid pileups

Waiting for streamer thread to exit...
Streamer thread exited

Closing streamer thread
Waiting for variant caller thread to exit...
Completed loading reads
Waiting for worker threads to exit...
Active region worker threads exited
Shutting down HWGRAPH engine...
HWGRAPH receiver thread exited
HWGRAPH output worker threads exited
HWGRAPH engine shutdown complete
Region local worker threads exited
Genotyping threads exited
Shutting down HMM engine...
HMM engine shutdown complete
Shutting down SMW engine...
SMW engine shutdown complete
Output aggregator thread exited
VCF output completed in 5500.8 sec
VARIANT CALLER                           Percent SNVs in large ROH ( >= 3000000)                           0.155
VARIANT CALLER                           Number of large ROH ( >= 3000000)                                 1              
Variant caller thread exited
Bin history thread exited
Paired-end statistics were based on initial reads for read group NA12878, based on 90862 high quality pairs for FR orientation
        Quartiles (25 50 75) = 416 489 578
        Mean = 500.069
        Standard deviation = 121.952
        Rescue radius = 304.881
        Effective rescue sigmas = 2.500
        Boundaries for mean and standard deviation: low = 92, high = 902
        Boundaries for proper pairs: low = 1, high = 1064
        NOTE: DRAGEN's insert estimates include corrections for clipping (so they are not identical to TLEN)

==================================================================
Running structural variant caller
==================================================================
Config
  threads:                      16
  ref-dir:                      /scratch/reference
  sv-exome:                     false [auto]
  sv-align-stats-file:          None
  sv-use-existing-chrom-depths: false
  sv-retain-temp-files:         false
  sv-output-contigs:            false
  sv-region:                    None
  sv-call-regions-bed:          None
  Generate evidence BAM:        false
  Force overwrite:              true
  Normal input files:         1
    ./NA12878/NA12878.cram
  Tumor input files:          0
  sv-min-candidate-variant-size:     8
  sv-min-edge-observations:          3
  sv-graph-node-max-edge-count:      10
  sv-min-candidate-spanning-count:   3
  sv-min-scored-variant-size:        50
  sv-min-diploid-variant-score:      10
  sv-min-pass-diploid-variant-score: 20
  sv-min-pass-diploid-gt-score:      5
  sv-min-somatic-score:              10
  sv-min-pass-somatic-score:         30
  sv-enable-rrm-for-insertions-in-germline-calling-modes: true
  sv-enable-rrm-for-insertions-in-cancer-calling-modes:   true
  sv-use-overlap-pair-evidence:       [auto]
  sv-hyper-sensitivity:               false
  sv-forcegt-vcf:                     None
  sv-discovery:                       true
  sv-locus-node-target-file:          None
  sv-report-small-dup-as-ins:         true
  sv-enable-mobile-element-sequences: true
  sv-mobile-element-sequences-file:   /opt/edico//config/sv_mobile_element_sequences.fa
  Excluded contig patterns (sv-filtered-contigs and vc-decoy-contigs):
    *_random
    chrUn_*
    *_alt
    HLA-*
    GL*
    NC_007605
    hs37d5
    chrUn_KN707*v1_decoy
    chrUn_JTFH0100*v1_decoy
    KN707*.1
    JTFH0100*.1
    chrEBV
    CMV
    HBV
    HCV*
    HIV*
    KSHV
    HTLV*
    MCV
    SV40
    HPV*

Calculate alignment stats
Summarize stats
Calculate chromosome depth
Scan genome segments
  Scanned 12.8% of genome segments (497 of 3870)
Merge genome segment data
Generate graph stats
Refine and score SVs
  Process SV locus graph edges
    Processed 13.4% of SV locus graph edges (21993 of 164569)
    Processed 30.2% of SV locus graph edges (49634 of 164569)
    Processed 49.4% of SV locus graph edges (81215 of 164569)
    Processed 68.1% of SV locus graph edges (112010 of 164569)
    Processed 87.7% of SV locus graph edges (144374 of 164569)
Merge and finalize SV output
SV caller workflow completed

Generating ploidy VCF at ./NA12878/NA12878.ploidy.vcf.gz


LICENSE_MSG| =====================================================
LICENSE_MSG| License report
LICENSE_MSG|   AWS-SN0         : Genome 80239770077 bases


==================================================================
DRAGEN METRICS
==================================================================

MAPPING/ALIGNING SUMMARY                     Total input reads                                                 533474782      100.00                   
MAPPING/ALIGNING SUMMARY                     Number of duplicate marked reads                                  61976263       11.62                    
MAPPING/ALIGNING SUMMARY                     Number of duplicate marked and mate reads removed                 NA
MAPPING/ALIGNING SUMMARY                     Number of unique reads (excl. duplicate marked reads)             471498519      88.38                    
MAPPING/ALIGNING SUMMARY                     Reads with mate sequenced                                         533474782      100.00                   
MAPPING/ALIGNING SUMMARY                     Reads without mate sequenced                                      0              0.00                     
MAPPING/ALIGNING SUMMARY                     QC-failed reads                                                   0              0.00                     
MAPPING/ALIGNING SUMMARY                     Mapped reads                                                      531491855      99.63                    
MAPPING/ALIGNING SUMMARY                     Mapped reads adjusted for filtered mapping                        531491855      99.63                    
MAPPING/ALIGNING SUMMARY                     Mapped reads R1                                                   266588779      99.94                    
MAPPING/ALIGNING SUMMARY                     Mapped reads R2                                                   264903076      99.31                    
MAPPING/ALIGNING SUMMARY                     Number of unique & mapped reads (excl. duplicate marked reads)    469515592      88.01                    
MAPPING/ALIGNING SUMMARY                     Unmapped reads                                                    1982927        0.37                     
MAPPING/ALIGNING SUMMARY                     Unmapped reads adjusted for filtered mapping                      1982927        0.37                     
MAPPING/ALIGNING SUMMARY                     Adjustment of reads matching non-reference decoys                 0              0.00                     
MAPPING/ALIGNING SUMMARY                     Singleton reads (itself mapped; mate unmapped)                    1822215        0.34                     
MAPPING/ALIGNING SUMMARY                     Paired reads (itself & mate mapped)                               529669640      99.29                    
MAPPING/ALIGNING SUMMARY                     Properly paired reads                                             519107386      97.31                    
MAPPING/ALIGNING SUMMARY                     Not properly paired reads (discordant)                            10562254       1.98                     
MAPPING/ALIGNING SUMMARY                     Paired reads mapped to different chromosomes                      8379710        1.58                     
MAPPING/ALIGNING SUMMARY                     Paired reads mapped to different chromosomes (MAPQ>=10)           4073499        0.77                     
MAPPING/ALIGNING SUMMARY                     Reads with MAPQ [40:inf)                                          487926844      91.46                    
MAPPING/ALIGNING SUMMARY                     Reads with MAPQ [30:40)                                           1767383        0.33                     
MAPPING/ALIGNING SUMMARY                     Reads with MAPQ [20:30)                                           4063053        0.76                     
MAPPING/ALIGNING SUMMARY                     Reads with MAPQ [10:20)                                           6226728        1.17                     
MAPPING/ALIGNING SUMMARY                     Reads with MAPQ [ 0:10)                                           31507847       5.91                     
MAPPING/ALIGNING SUMMARY                     Reads with MAPQ NA (Unmapped reads)                               1982927        0.37                     
MAPPING/ALIGNING SUMMARY                     Reads with indel R1                                               7805403        2.93                     
MAPPING/ALIGNING SUMMARY                     Reads with indel R2                                               7549136        2.85                     
MAPPING/ALIGNING SUMMARY                     Total bases                                                       80239770077    
MAPPING/ALIGNING SUMMARY                     Total bases R1                                                    40122539165    
MAPPING/ALIGNING SUMMARY                     Total bases R2                                                    40117230912    
MAPPING/ALIGNING SUMMARY                     Mapped bases                                                      79944453374    
MAPPING/ALIGNING SUMMARY                     Mapped bases R1                                                   40101800572    
MAPPING/ALIGNING SUMMARY                     Mapped bases R2                                                   39842652802    
MAPPING/ALIGNING SUMMARY                     Soft-clipped bases                                                938179344      1.17                     
MAPPING/ALIGNING SUMMARY                     Soft-clipped bases R1                                             290230541      0.72                     
MAPPING/ALIGNING SUMMARY                     Soft-clipped bases R2                                             647948803      1.63                     
MAPPING/ALIGNING SUMMARY                     Hard-clipped bases                                                0              0.00                     
MAPPING/ALIGNING SUMMARY                     Hard-clipped bases R1                                             0              0.00                     
MAPPING/ALIGNING SUMMARY                     Hard-clipped bases R2                                             0              0.00                     
MAPPING/ALIGNING SUMMARY                     Mismatched bases R1                                               157805598      0.39                     
MAPPING/ALIGNING SUMMARY                     Mismatched bases R2                                               212739999      0.53                     
MAPPING/ALIGNING SUMMARY                     Mismatched bases R1 (excl. indels)                                132236227      0.33                     
MAPPING/ALIGNING SUMMARY                     Mismatched bases R2 (excl. indels)                                188358582      0.47                     
MAPPING/ALIGNING SUMMARY                     Q30 bases                                                         74251376516    92.54                    
MAPPING/ALIGNING SUMMARY                     Q30 bases R1                                                      37800036292    94.21                    
MAPPING/ALIGNING SUMMARY                     Q30 bases R2                                                      36451340224    90.86                    
MAPPING/ALIGNING SUMMARY                     Q30 bases (excl. dups & clipped bases)                            65483704290    
MAPPING/ALIGNING SUMMARY                     Total alignments                                                  533062529      
MAPPING/ALIGNING SUMMARY                     Secondary alignments                                              0              
MAPPING/ALIGNING SUMMARY                     Supplementary (chimeric) alignments                               1570674        
MAPPING/ALIGNING SUMMARY                     Estimated read length                                             150.41
MAPPING/ALIGNING SUMMARY                     Bases in reference genome                                         3217346917     
MAPPING/ALIGNING SUMMARY                     Bases in target bed [% of genome]                                 NA
MAPPING/ALIGNING SUMMARY                     Insert length: mean                                               500.00
MAPPING/ALIGNING SUMMARY                     Insert length: median                                             489.00
MAPPING/ALIGNING SUMMARY                     Insert length: standard deviation                                 121.95
MAPPING/ALIGNING SUMMARY                     Provided sex chromosome ploidy                                    NA
MAPPING/ALIGNING SUMMARY                     Estimated sample contamination                                    0.0000
MAPPING/ALIGNING SUMMARY                     DRAGEN mapping rate [mil. reads/second]                           1.51

MAPPING/ALIGNING PER RG        NA12878       Total reads in RG                                                 533474782      100.00                   
MAPPING/ALIGNING PER RG        NA12878       Number of duplicate marked reads                                  61976263       11.62                    
MAPPING/ALIGNING PER RG        NA12878       Number of duplicate marked and mate reads removed                 NA
MAPPING/ALIGNING PER RG        NA12878       Number of unique reads (excl. duplicate marked reads)             471498519      88.38                    
MAPPING/ALIGNING PER RG        NA12878       Reads with mate sequenced                                         533474782      100.00                   
MAPPING/ALIGNING PER RG        NA12878       Reads without mate sequenced                                      0              0.00                     
MAPPING/ALIGNING PER RG        NA12878       QC-failed reads                                                   0              0.00                     
MAPPING/ALIGNING PER RG        NA12878       Mapped reads                                                      531491855      99.63                    
MAPPING/ALIGNING PER RG        NA12878       Mapped reads adjusted for filtered mapping                        531491855      99.63                    
MAPPING/ALIGNING PER RG        NA12878       Mapped reads R1                                                   266588779      99.94                    
MAPPING/ALIGNING PER RG        NA12878       Mapped reads R2                                                   264903076      99.31                    
MAPPING/ALIGNING PER RG        NA12878       Number of unique & mapped reads (excl. duplicate marked reads)    469515592      88.01                    
MAPPING/ALIGNING PER RG        NA12878       Unmapped reads                                                    1982927        0.37                     
MAPPING/ALIGNING PER RG        NA12878       Unmapped reads adjusted for filtered mapping                      1982927        0.37                     
MAPPING/ALIGNING PER RG        NA12878       Adjustment of reads matching non-reference decoys                 0              0.00                     
MAPPING/ALIGNING PER RG        NA12878       Singleton reads (itself mapped; mate unmapped)                    1822215        0.34                     
MAPPING/ALIGNING PER RG        NA12878       Paired reads (itself & mate mapped)                               529669640      99.29                    
MAPPING/ALIGNING PER RG        NA12878       Properly paired reads                                             519107386      97.31                    
MAPPING/ALIGNING PER RG        NA12878       Not properly paired reads (discordant)                            10562254       1.98                     
MAPPING/ALIGNING PER RG        NA12878       Paired reads mapped to different chromosomes                      8379710        1.58                     
MAPPING/ALIGNING PER RG        NA12878       Paired reads mapped to different chromosomes (MAPQ>=10)           4073499        0.77                     
MAPPING/ALIGNING PER RG        NA12878       Reads with MAPQ [40:inf)                                          487926844      91.46                    
MAPPING/ALIGNING PER RG        NA12878       Reads with MAPQ [30:40)                                           1767383        0.33                     
MAPPING/ALIGNING PER RG        NA12878       Reads with MAPQ [20:30)                                           4063053        0.76                     
MAPPING/ALIGNING PER RG        NA12878       Reads with MAPQ [10:20)                                           6226728        1.17                     
MAPPING/ALIGNING PER RG        NA12878       Reads with MAPQ [ 0:10)                                           31507847       5.91                     
MAPPING/ALIGNING PER RG        NA12878       Reads with MAPQ NA (Unmapped reads)                               1982927        0.37                     
MAPPING/ALIGNING PER RG        NA12878       Reads with indel R1                                               7805403        2.93                     
MAPPING/ALIGNING PER RG        NA12878       Reads with indel R2                                               7549136        2.85                     
MAPPING/ALIGNING PER RG        NA12878       Total bases                                                       80239770077    
MAPPING/ALIGNING PER RG        NA12878       Total bases R1                                                    40122539165    
MAPPING/ALIGNING PER RG        NA12878       Total bases R2                                                    40117230912    
MAPPING/ALIGNING PER RG        NA12878       Mapped bases                                                      79944453374    
MAPPING/ALIGNING PER RG        NA12878       Mapped bases R1                                                   40101800572    
MAPPING/ALIGNING PER RG        NA12878       Mapped bases R2                                                   39842652802    
MAPPING/ALIGNING PER RG        NA12878       Soft-clipped bases                                                938179344      1.17                     
MAPPING/ALIGNING PER RG        NA12878       Soft-clipped bases R1                                             290230541      0.72                     
MAPPING/ALIGNING PER RG        NA12878       Soft-clipped bases R2                                             647948803      1.63                     
MAPPING/ALIGNING PER RG        NA12878       Hard-clipped bases                                                0              0.00                     
MAPPING/ALIGNING PER RG        NA12878       Hard-clipped bases R1                                             0              0.00                     
MAPPING/ALIGNING PER RG        NA12878       Hard-clipped bases R2                                             0              0.00                     
MAPPING/ALIGNING PER RG        NA12878       Mismatched bases R1                                               157805598      0.39                     
MAPPING/ALIGNING PER RG        NA12878       Mismatched bases R2                                               212739999      0.53                     
MAPPING/ALIGNING PER RG        NA12878       Mismatched bases R1 (excl. indels)                                132236227      0.33                     
MAPPING/ALIGNING PER RG        NA12878       Mismatched bases R2 (excl. indels)                                188358582      0.47                     
MAPPING/ALIGNING PER RG        NA12878       Q30 bases                                                         74251376516    92.54                    
MAPPING/ALIGNING PER RG        NA12878       Q30 bases R1                                                      37800036292    94.21                    
MAPPING/ALIGNING PER RG        NA12878       Q30 bases R2                                                      36451340224    90.86                    
MAPPING/ALIGNING PER RG        NA12878       Q30 bases (excl. dups & clipped bases)                            65483704290    
MAPPING/ALIGNING PER RG        NA12878       Total alignments                                                  533062529      
MAPPING/ALIGNING PER RG        NA12878       Secondary alignments                                              0              
MAPPING/ALIGNING PER RG        NA12878       Supplementary (chimeric) alignments                               1570674        
MAPPING/ALIGNING PER RG        NA12878       Estimated read length                                             150.41
MAPPING/ALIGNING PER RG        NA12878       Insert length: mean                                               500.07
MAPPING/ALIGNING PER RG        NA12878       Insert length: median                                             489.00
MAPPING/ALIGNING PER RG        NA12878       Insert length: standard deviation                                 121.95

VARIANT CALLER SUMMARY                       Number of samples                                                 1              
VARIANT CALLER SUMMARY                       Reads Processed                                                   461713806      
VARIANT CALLER SUMMARY                       Child Sample                                                      NA

VARIANT CALLER POSTFILTER      NA12878       Total                                                             4857653        100.00                   
VARIANT CALLER POSTFILTER      NA12878       Biallelic                                                         4772616        98.25                    
VARIANT CALLER POSTFILTER      NA12878       Multiallelic                                                      85037          1.75                     
VARIANT CALLER POSTFILTER      NA12878       SNPs                                                              3914561        80.59                    
VARIANT CALLER POSTFILTER      NA12878       Insertions (Hom)                                                  168779         3.47                     
VARIANT CALLER POSTFILTER      NA12878       Insertions (Het)                                                  288892         5.95                     
VARIANT CALLER POSTFILTER      NA12878       Deletions (Hom)                                                   167705         3.45                     
VARIANT CALLER POSTFILTER      NA12878       Deletions (Het)                                                   294646         6.07                     
VARIANT CALLER POSTFILTER      NA12878       Indels (Het)                                                      23070          0.47                     
VARIANT CALLER POSTFILTER      NA12878       Chr X number of SNPs over genome                                  123429         
VARIANT CALLER POSTFILTER      NA12878       Chr Y number of SNPs over genome                                  0              
VARIANT CALLER POSTFILTER      NA12878       (Chr X SNPs)/(chr Y SNPs) ratio over genome                       NA
VARIANT CALLER POSTFILTER      NA12878       SNP Transitions                                                   3633463        
VARIANT CALLER POSTFILTER      NA12878       SNP Transversions                                                 1822610        
VARIANT CALLER POSTFILTER      NA12878       Ti/Tv ratio                                                       1.99
VARIANT CALLER POSTFILTER      NA12878       Heterozygous                                                      2981553        
VARIANT CALLER POSTFILTER      NA12878       Homozygous                                                        1876100        
VARIANT CALLER POSTFILTER      NA12878       Het/Hom ratio                                                     1.59
VARIANT CALLER POSTFILTER      NA12878       In dbSNP                                                          0              0.00                     
VARIANT CALLER POSTFILTER      NA12878       Not in dbSNP                                                      0              0.00                     
VARIANT CALLER POSTFILTER      NA12878       Percent Callability                                               NA
VARIANT CALLER POSTFILTER      NA12878       Percent Autosome Callability                                      NA


VARIANT CALLER POSTFILTER      NA12878       1 Heterozygous                                                    217394         
VARIANT CALLER POSTFILTER      NA12878       1 Homozygous                                                      153401         
VARIANT CALLER POSTFILTER      NA12878       1 Het/Hom ratio                                                   1.417                    
VARIANT CALLER POSTFILTER      NA12878       2 Heterozygous                                                    229557         
VARIANT CALLER POSTFILTER      NA12878       2 Homozygous                                                      150547         
VARIANT CALLER POSTFILTER      NA12878       2 Het/Hom ratio                                                   1.525                    
VARIANT CALLER POSTFILTER      NA12878       3 Heterozygous                                                    192968         
VARIANT CALLER POSTFILTER      NA12878       3 Homozygous                                                      121348         
VARIANT CALLER POSTFILTER      NA12878       3 Het/Hom ratio                                                   1.590                    
VARIANT CALLER POSTFILTER      NA12878       4 Heterozygous                                                    198327         
VARIANT CALLER POSTFILTER      NA12878       4 Homozygous                                                      138518         
VARIANT CALLER POSTFILTER      NA12878       4 Het/Hom ratio                                                   1.432                    
VARIANT CALLER POSTFILTER      NA12878       5 Heterozygous                                                    184428         
VARIANT CALLER POSTFILTER      NA12878       5 Homozygous                                                      105622         
VARIANT CALLER POSTFILTER      NA12878       5 Het/Hom ratio                                                   1.746                    
VARIANT CALLER POSTFILTER      NA12878       6 Heterozygous                                                    195835         
VARIANT CALLER POSTFILTER      NA12878       6 Homozygous                                                      104857         
VARIANT CALLER POSTFILTER      NA12878       6 Het/Hom ratio                                                   1.868                    
VARIANT CALLER POSTFILTER      NA12878       7 Heterozygous                                                    162707         
VARIANT CALLER POSTFILTER      NA12878       7 Homozygous                                                      103773         
VARIANT CALLER POSTFILTER      NA12878       7 Het/Hom ratio                                                   1.568                    
VARIANT CALLER POSTFILTER      NA12878       8 Heterozygous                                                    151262         
VARIANT CALLER POSTFILTER      NA12878       8 Homozygous                                                      92302          
VARIANT CALLER POSTFILTER      NA12878       8 Het/Hom ratio                                                   1.639                    
VARIANT CALLER POSTFILTER      NA12878       9 Heterozygous                                                    130578         
VARIANT CALLER POSTFILTER      NA12878       9 Homozygous                                                      78877          
VARIANT CALLER POSTFILTER      NA12878       9 Het/Hom ratio                                                   1.655                    
VARIANT CALLER POSTFILTER      NA12878       10 Heterozygous                                                   147187         
VARIANT CALLER POSTFILTER      NA12878       10 Homozygous                                                     89462          
VARIANT CALLER POSTFILTER      NA12878       10 Het/Hom ratio                                                  1.645                    
VARIANT CALLER POSTFILTER      NA12878       11 Heterozygous                                                   139209         
VARIANT CALLER POSTFILTER      NA12878       11 Homozygous                                                     98133          
VARIANT CALLER POSTFILTER      NA12878       11 Het/Hom ratio                                                  1.419                    
VARIANT CALLER POSTFILTER      NA12878       12 Heterozygous                                                   135468         
VARIANT CALLER POSTFILTER      NA12878       12 Homozygous                                                     87397          
VARIANT CALLER POSTFILTER      NA12878       12 Het/Hom ratio                                                  1.550                    
VARIANT CALLER POSTFILTER      NA12878       13 Heterozygous                                                   104749         
VARIANT CALLER POSTFILTER      NA12878       13 Homozygous                                                     80324          
VARIANT CALLER POSTFILTER      NA12878       13 Het/Hom ratio                                                  1.304                    
VARIANT CALLER POSTFILTER      NA12878       14 Heterozygous                                                   92527          
VARIANT CALLER POSTFILTER      NA12878       14 Homozygous                                                     56053          
VARIANT CALLER POSTFILTER      NA12878       14 Het/Hom ratio                                                  1.651                    
VARIANT CALLER POSTFILTER      NA12878       15 Heterozygous                                                   82203          
VARIANT CALLER POSTFILTER      NA12878       15 Homozygous                                                     56143          
VARIANT CALLER POSTFILTER      NA12878       15 Het/Hom ratio                                                  1.464                    
VARIANT CALLER POSTFILTER      NA12878       16 Heterozygous                                                   90591          
VARIANT CALLER POSTFILTER      NA12878       16 Homozygous                                                     51228          
VARIANT CALLER POSTFILTER      NA12878       16 Het/Hom ratio                                                  1.768                    
VARIANT CALLER POSTFILTER      NA12878       17 Heterozygous                                                   78771          
VARIANT CALLER POSTFILTER      NA12878       17 Homozygous                                                     51558          
VARIANT CALLER POSTFILTER      NA12878       17 Het/Hom ratio                                                  1.528                    
VARIANT CALLER POSTFILTER      NA12878       18 Heterozygous                                                   82126          
VARIANT CALLER POSTFILTER      NA12878       18 Homozygous                                                     55849          
VARIANT CALLER POSTFILTER      NA12878       18 Het/Hom ratio                                                  1.471                    
VARIANT CALLER POSTFILTER      NA12878       19 Heterozygous                                                   73484          
VARIANT CALLER POSTFILTER      NA12878       19 Homozygous                                                     38422          
VARIANT CALLER POSTFILTER      NA12878       19 Het/Hom ratio                                                  1.913                    
VARIANT CALLER POSTFILTER      NA12878       20 Heterozygous                                                   70883          
VARIANT CALLER POSTFILTER      NA12878       20 Homozygous                                                     36969          
VARIANT CALLER POSTFILTER      NA12878       20 Het/Hom ratio                                                  1.917                    
VARIANT CALLER POSTFILTER      NA12878       21 Heterozygous                                                   45799          
VARIANT CALLER POSTFILTER      NA12878       21 Homozygous                                                     28711          
VARIANT CALLER POSTFILTER      NA12878       21 Het/Hom ratio                                                  1.595                    
VARIANT CALLER POSTFILTER      NA12878       22 Heterozygous                                                   48318          
VARIANT CALLER POSTFILTER      NA12878       22 Homozygous                                                     23361          
VARIANT CALLER POSTFILTER      NA12878       22 Het/Hom ratio                                                  2.068                    
VARIANT CALLER POSTFILTER      NA12878       X Heterozygous                                                    96883          
VARIANT CALLER POSTFILTER      NA12878       X Homozygous                                                      62414          
VARIANT CALLER POSTFILTER      NA12878       X Het/Hom ratio                                                   1.552                    
VARIANT CALLER POSTFILTER      NA12878       Y Heterozygous                                                    0              
VARIANT CALLER POSTFILTER      NA12878       Y Homozygous                                                      0              
VARIANT CALLER POSTFILTER      NA12878       Y Het/Hom ratio                                                   inf


VARIANT CALLER POSTFILTER GVCF NA12878       Total                                                             4852748        100.00                   
VARIANT CALLER POSTFILTER GVCF NA12878       Biallelic                                                         4701803        96.89                    
VARIANT CALLER POSTFILTER GVCF NA12878       Multiallelic                                                      150945         3.11                     
VARIANT CALLER POSTFILTER GVCF NA12878       SNPs                                                              3912714        80.63                    
VARIANT CALLER POSTFILTER GVCF NA12878       Insertions (Hom)                                                  168313         3.47                     
VARIANT CALLER POSTFILTER GVCF NA12878       Insertions (Het)                                                  287762         5.93                     
VARIANT CALLER POSTFILTER GVCF NA12878       Deletions (Hom)                                                   167262         3.45                     
VARIANT CALLER POSTFILTER GVCF NA12878       Deletions (Het)                                                   293515         6.05                     
VARIANT CALLER POSTFILTER GVCF NA12878       Indels (Het)                                                      23054          0.48                     
VARIANT CALLER POSTFILTER GVCF NA12878       Chr X number of SNPs over genome                                  123393         
VARIANT CALLER POSTFILTER GVCF NA12878       Chr Y number of SNPs over genome                                  0              
VARIANT CALLER POSTFILTER GVCF NA12878       (Chr X SNPs)/(chr Y SNPs) ratio over genome                       NA
VARIANT CALLER POSTFILTER GVCF NA12878       SNP Transitions                                                   3631716        
VARIANT CALLER POSTFILTER GVCF NA12878       SNP Transversions                                                 1821493        
VARIANT CALLER POSTFILTER GVCF NA12878       Ti/Tv ratio                                                       1.99
VARIANT CALLER POSTFILTER GVCF NA12878       Heterozygous                                                      2978522        
VARIANT CALLER POSTFILTER GVCF NA12878       Homozygous                                                        1874226        
VARIANT CALLER POSTFILTER GVCF NA12878       Het/Hom ratio                                                     1.59
VARIANT CALLER POSTFILTER GVCF NA12878       In dbSNP                                                          0              0.00                     
VARIANT CALLER POSTFILTER GVCF NA12878       Not in dbSNP                                                      0              0.00                     
VARIANT CALLER POSTFILTER GVCF NA12878       Percent Callability                                               96.6770
VARIANT CALLER POSTFILTER GVCF NA12878       Percent Autosome Callability                                      97.5468


VARIANT CALLER POSTFILTER GVCF NA12878       1 Heterozygous                                                    217127         
VARIANT CALLER POSTFILTER GVCF NA12878       1 Homozygous                                                      153104         
VARIANT CALLER POSTFILTER GVCF NA12878       1 Het/Hom ratio                                                   1.418                    
VARIANT CALLER POSTFILTER GVCF NA12878       2 Heterozygous                                                    229314         
VARIANT CALLER POSTFILTER GVCF NA12878       2 Homozygous                                                      150437         
VARIANT CALLER POSTFILTER GVCF NA12878       2 Het/Hom ratio                                                   1.524                    
VARIANT CALLER POSTFILTER GVCF NA12878       3 Heterozygous                                                    192807         
VARIANT CALLER POSTFILTER GVCF NA12878       3 Homozygous                                                      121261         
VARIANT CALLER POSTFILTER GVCF NA12878       3 Het/Hom ratio                                                   1.590                    
VARIANT CALLER POSTFILTER GVCF NA12878       4 Heterozygous                                                    198192         
VARIANT CALLER POSTFILTER GVCF NA12878       4 Homozygous                                                      138426         
VARIANT CALLER POSTFILTER GVCF NA12878       4 Het/Hom ratio                                                   1.432                    
VARIANT CALLER POSTFILTER GVCF NA12878       5 Heterozygous                                                    184317         
VARIANT CALLER POSTFILTER GVCF NA12878       5 Homozygous                                                      105511         
VARIANT CALLER POSTFILTER GVCF NA12878       5 Het/Hom ratio                                                   1.747                    
VARIANT CALLER POSTFILTER GVCF NA12878       6 Heterozygous                                                    195667         
VARIANT CALLER POSTFILTER GVCF NA12878       6 Homozygous                                                      104800         
VARIANT CALLER POSTFILTER GVCF NA12878       6 Het/Hom ratio                                                   1.867                    
VARIANT CALLER POSTFILTER GVCF NA12878       7 Heterozygous                                                    162577         
VARIANT CALLER POSTFILTER GVCF NA12878       7 Homozygous                                                      103695         
VARIANT CALLER POSTFILTER GVCF NA12878       7 Het/Hom ratio                                                   1.568                    
VARIANT CALLER POSTFILTER GVCF NA12878       8 Heterozygous                                                    151121         
VARIANT CALLER POSTFILTER GVCF NA12878       8 Homozygous                                                      92252          
VARIANT CALLER POSTFILTER GVCF NA12878       8 Het/Hom ratio                                                   1.638                    
VARIANT CALLER POSTFILTER GVCF NA12878       9 Heterozygous                                                    130465         
VARIANT CALLER POSTFILTER GVCF NA12878       9 Homozygous                                                      78825          
VARIANT CALLER POSTFILTER GVCF NA12878       9 Het/Hom ratio                                                   1.655                    
VARIANT CALLER POSTFILTER GVCF NA12878       10 Heterozygous                                                   147044         
VARIANT CALLER POSTFILTER GVCF NA12878       10 Homozygous                                                     89360          
VARIANT CALLER POSTFILTER GVCF NA12878       10 Het/Hom ratio                                                  1.646                    
VARIANT CALLER POSTFILTER GVCF NA12878       11 Heterozygous                                                   139069         
VARIANT CALLER POSTFILTER GVCF NA12878       11 Homozygous                                                     98082          
VARIANT CALLER POSTFILTER GVCF NA12878       11 Het/Hom ratio                                                  1.418                    
VARIANT CALLER POSTFILTER GVCF NA12878       12 Heterozygous                                                   135340         
VARIANT CALLER POSTFILTER GVCF NA12878       12 Homozygous                                                     87347          
VARIANT CALLER POSTFILTER GVCF NA12878       12 Het/Hom ratio                                                  1.549                    
VARIANT CALLER POSTFILTER GVCF NA12878       13 Heterozygous                                                   104618         
VARIANT CALLER POSTFILTER GVCF NA12878       13 Homozygous                                                     80198          
VARIANT CALLER POSTFILTER GVCF NA12878       13 Het/Hom ratio                                                  1.304                    
VARIANT CALLER POSTFILTER GVCF NA12878       14 Heterozygous                                                   92454          
VARIANT CALLER POSTFILTER GVCF NA12878       14 Homozygous                                                     56015          
VARIANT CALLER POSTFILTER GVCF NA12878       14 Het/Hom ratio                                                  1.651                    
VARIANT CALLER POSTFILTER GVCF NA12878       15 Heterozygous                                                   82119          
VARIANT CALLER POSTFILTER GVCF NA12878       15 Homozygous                                                     56091          
VARIANT CALLER POSTFILTER GVCF NA12878       15 Het/Hom ratio                                                  1.464                    
VARIANT CALLER POSTFILTER GVCF NA12878       16 Heterozygous                                                   90484          
VARIANT CALLER POSTFILTER GVCF NA12878       16 Homozygous                                                     51189          
VARIANT CALLER POSTFILTER GVCF NA12878       16 Het/Hom ratio                                                  1.768                    
VARIANT CALLER POSTFILTER GVCF NA12878       17 Heterozygous                                                   78640          
VARIANT CALLER POSTFILTER GVCF NA12878       17 Homozygous                                                     51496          
VARIANT CALLER POSTFILTER GVCF NA12878       17 Het/Hom ratio                                                  1.527                    
VARIANT CALLER POSTFILTER GVCF NA12878       18 Heterozygous                                                   82065          
VARIANT CALLER POSTFILTER GVCF NA12878       18 Homozygous                                                     55816          
VARIANT CALLER POSTFILTER GVCF NA12878       18 Het/Hom ratio                                                  1.470                    
VARIANT CALLER POSTFILTER GVCF NA12878       19 Heterozygous                                                   73370          
VARIANT CALLER POSTFILTER GVCF NA12878       19 Homozygous                                                     38380          
VARIANT CALLER POSTFILTER GVCF NA12878       19 Het/Hom ratio                                                  1.912                    
VARIANT CALLER POSTFILTER GVCF NA12878       20 Heterozygous                                                   70865          
VARIANT CALLER POSTFILTER GVCF NA12878       20 Homozygous                                                     36907          
VARIANT CALLER POSTFILTER GVCF NA12878       20 Het/Hom ratio                                                  1.920                    
VARIANT CALLER POSTFILTER GVCF NA12878       21 Heterozygous                                                   45753          
VARIANT CALLER POSTFILTER GVCF NA12878       21 Homozygous                                                     28666          
VARIANT CALLER POSTFILTER GVCF NA12878       21 Het/Hom ratio                                                  1.596                    
VARIANT CALLER POSTFILTER GVCF NA12878       22 Heterozygous                                                   48256          
VARIANT CALLER POSTFILTER GVCF NA12878       22 Homozygous                                                     23296          
VARIANT CALLER POSTFILTER GVCF NA12878       22 Het/Hom ratio                                                  2.071                    
VARIANT CALLER POSTFILTER GVCF NA12878       X Heterozygous                                                    96732          
VARIANT CALLER POSTFILTER GVCF NA12878       X Homozygous                                                      62350          
VARIANT CALLER POSTFILTER GVCF NA12878       X Het/Hom ratio                                                   1.551                    
VARIANT CALLER POSTFILTER GVCF NA12878       Y Heterozygous                                                    0              
VARIANT CALLER POSTFILTER GVCF NA12878       Y Homozygous                                                      0              
VARIANT CALLER POSTFILTER GVCF NA12878       Y Het/Hom ratio                                                   inf

COVERAGE SUMMARY                             Aligned bases                                                     66246283585    
COVERAGE SUMMARY                             Aligned bases in genome                                           66246283585    100.00                   
COVERAGE SUMMARY                             Average alignment coverage over genome                            21.98          
COVERAGE SUMMARY                             Uniformity of coverage (PCT > 0.2*mean) over genome               94.30          
COVERAGE SUMMARY                             Uniformity of coverage (PCT > 0.4*mean) over genome               93.69          
COVERAGE SUMMARY                             PCT of genome with coverage [1500x: inf)                          0.00           
COVERAGE SUMMARY                             PCT of genome with coverage [1000x: inf)                          0.01           
COVERAGE SUMMARY                             PCT of genome with coverage [ 500x: inf)                          0.01           
COVERAGE SUMMARY                             PCT of genome with coverage [ 100x: inf)                          0.06           
COVERAGE SUMMARY                             PCT of genome with coverage [  50x: inf)                          0.23           
COVERAGE SUMMARY                             PCT of genome with coverage [  20x: inf)                          68.55          
COVERAGE SUMMARY                             PCT of genome with coverage [  15x: inf)                          88.91          
COVERAGE SUMMARY                             PCT of genome with coverage [  10x: inf)                          93.45          
COVERAGE SUMMARY                             PCT of genome with coverage [   3x: inf)                          94.62          
COVERAGE SUMMARY                             PCT of genome with coverage [   1x: inf)                          95.15          
COVERAGE SUMMARY                             PCT of genome with coverage [   0x: inf)                          100.00         
COVERAGE SUMMARY                             PCT of genome with coverage [1000x:1500x)                         0.00           
COVERAGE SUMMARY                             PCT of genome with coverage [ 500x:1000x)                         0.00           
COVERAGE SUMMARY                             PCT of genome with coverage [ 100x: 500x)                         0.05           
COVERAGE SUMMARY                             PCT of genome with coverage [  50x: 100x)                         0.16           
COVERAGE SUMMARY                             PCT of genome with coverage [  20x:  50x)                         68.32          
COVERAGE SUMMARY                             PCT of genome with coverage [  15x:  20x)                         20.36          
COVERAGE SUMMARY                             PCT of genome with coverage [  10x:  15x)                         4.54           
COVERAGE SUMMARY                             PCT of genome with coverage [   3x:  10x)                         1.17           
COVERAGE SUMMARY                             PCT of genome with coverage [   1x:   3x)                         0.53           
COVERAGE SUMMARY                             PCT of genome with coverage [   0x:   1x)                         4.85           
COVERAGE SUMMARY                             Average chr X coverage over genome                                20.96          
COVERAGE SUMMARY                             Average chr Y coverage over genome                                0.74           
COVERAGE SUMMARY                             Average mitochondrial coverage over genome                        9009.40        
COVERAGE SUMMARY                             Average autosomal coverage over genome                            22.58          
COVERAGE SUMMARY                             Median autosomal coverage over genome                             23.00          
COVERAGE SUMMARY                             Mean/Median autosomal coverage ratio over genome                  0.98           
COVERAGE SUMMARY                             Aligned reads                                                     442922039      
COVERAGE SUMMARY                             Aligned reads in genome                                           442922039      100.00                   

PLOIDY ESTIMATION                            Autosomal median coverage                                         25.91
PLOIDY ESTIMATION                            X median coverage                                                 24.69
PLOIDY ESTIMATION                            Y median coverage                                                 0.00
PLOIDY ESTIMATION                            1 median / Autosomal median                                       1.01                     
PLOIDY ESTIMATION                            2 median / Autosomal median                                       1.00                     
PLOIDY ESTIMATION                            3 median / Autosomal median                                       1.00                     
PLOIDY ESTIMATION                            4 median / Autosomal median                                       0.98                     
PLOIDY ESTIMATION                            5 median / Autosomal median                                       0.99                     
PLOIDY ESTIMATION                            6 median / Autosomal median                                       1.00                     
PLOIDY ESTIMATION                            7 median / Autosomal median                                       1.00                     
PLOIDY ESTIMATION                            8 median / Autosomal median                                       0.99                     
PLOIDY ESTIMATION                            9 median / Autosomal median                                       1.01                     
PLOIDY ESTIMATION                            10 median / Autosomal median                                      1.01                     
PLOIDY ESTIMATION                            11 median / Autosomal median                                      1.01                     
PLOIDY ESTIMATION                            12 median / Autosomal median                                      1.00                     
PLOIDY ESTIMATION                            13 median / Autosomal median                                      0.98                     
PLOIDY ESTIMATION                            14 median / Autosomal median                                      1.00                     
PLOIDY ESTIMATION                            15 median / Autosomal median                                      1.01                     
PLOIDY ESTIMATION                            16 median / Autosomal median                                      1.02                     
PLOIDY ESTIMATION                            17 median / Autosomal median                                      1.03                     
PLOIDY ESTIMATION                            18 median / Autosomal median                                      0.99                     
PLOIDY ESTIMATION                            19 median / Autosomal median                                      1.04                     
PLOIDY ESTIMATION                            20 median / Autosomal median                                      1.03                     
PLOIDY ESTIMATION                            21 median / Autosomal median                                      1.00                     
PLOIDY ESTIMATION                            22 median / Autosomal median                                      1.06                     
PLOIDY ESTIMATION                            X median / Autosomal median                                       0.95                     
PLOIDY ESTIMATION                            Y median / Autosomal median                                       0.00                     
PLOIDY ESTIMATION                            Ploidy estimation                                                 XX

SEX GENOTYPER                                NA12878                                                           XX             0.9480

CNV SUMMARY                                  Bases in reference genome                                         3217346917     
CNV SUMMARY                                  Average alignment coverage over genome                            23.37
CNV SUMMARY                                  Number of alignment records                                       535045456      
CNV SUMMARY                                  Number of filtered records (total)                                32250383       6.03                     
CNV SUMMARY                                  Number of filtered records (duplicates)                           0              0.00                     
CNV SUMMARY                                  Number of filtered records (MAPQ)                                 30267456       5.66                     
CNV SUMMARY                                  Number of filtered records (unmapped)                             1982927        0.37                     
CNV SUMMARY                                  Coverage uniformity                                               0.21
CNV SUMMARY                                  Number of target intervals                                        2398006        
CNV SUMMARY                                  Number of segments                                                2376           
CNV SUMMARY                                  Number of amplifications                                          111            
CNV SUMMARY                                  Number of deletions                                               426            
CNV SUMMARY                                  Number of passing amplifications                                  102            91.89                    
CNV SUMMARY                                  Number of passing deletions                                       419            98.36                    

SV SUMMARY                     NA12878       Total number of structural variants (PASS)                        10979          
SV SUMMARY                     NA12878       Number of deletions (PASS)                                        4493           40.92                    
SV SUMMARY                     NA12878       Number of insertions (PASS)                                       5502           50.11                    
SV SUMMARY                     NA12878       Number of duplications (PASS)                                     38             0.35                     
SV SUMMARY                     NA12878       Number of breakend pairs (PASS)                                   946            8.62                     

TRIMMER STATISTICS                           Total input reads                                                 533474782      
TRIMMER STATISTICS                           Total input bases                                                 80239770077    
TRIMMER STATISTICS                           Total input bases R1                                              40122539165    
TRIMMER STATISTICS                           Total input bases R2                                              40117230912    
TRIMMER STATISTICS                           Average input read length                                         150            
TRIMMER STATISTICS                           Total trimmed reads                                               0              0.00                     
TRIMMER STATISTICS                           Total trimmed bases                                               0              0.00                     
TRIMMER STATISTICS                           Average bases trimmed per read                                    0              
TRIMMER STATISTICS                           Average bases trimmed per trimmed read                            0              
TRIMMER STATISTICS                           Remaining poly-G K-mers R1 3prime                                 177399         0.07                     
TRIMMER STATISTICS                           Remaining poly-G K-mers R2 3prime                                 685900         0.26                     
TRIMMER STATISTICS                           Poly-G soft trimmed reads unfiltered R1 3prime                    729806         0.27                     
TRIMMER STATISTICS                           Poly-G soft trimmed reads unfiltered R2 3prime                    2360626        0.89                     
TRIMMER STATISTICS                           Poly-G soft trimmed reads filtered R1 3prime                      0              0.00                     
TRIMMER STATISTICS                           Poly-G soft trimmed reads filtered R2 3prime                      0              0.00                     
TRIMMER STATISTICS                           Poly-G soft trimmed bases unfiltered R1 3prime                    30203200       0.08                     
TRIMMER STATISTICS                           Poly-G soft trimmed bases unfiltered R2 3prime                    239138499      0.60                     
TRIMMER STATISTICS                           Poly-G soft trimmed bases filtered R1 3prime                      0              0.00                     
TRIMMER STATISTICS                           Poly-G soft trimmed bases filtered R2 3prime                      0              0.00                     
TRIMMER STATISTICS                           Total filtered reads                                              0              0.00                     
TRIMMER STATISTICS                           Reads filtered for minimum read length R1                         0              0.00                     
TRIMMER STATISTICS                           Reads filtered for minimum read length R2                         0              0.00                     

RUN TIME                                     Time loading reference                                            00:01:32.608   92.61
RUN TIME                                     Time aligning reads                                               00:05:51.200   351.20
RUN TIME                                     Time duplicate marking                                            00:00:13.541   13.54
RUN TIME                                     Time sorting and marking duplicates                               01:18:43.639   4723.64
RUN TIME                                     Time DRAGStr calibration                                          00:00:13.187   13.19
RUN TIME                                     Time saving map/align output                                      01:32:29.913   5549.91
RUN TIME                                     Time partial reconfiguration                                      00:00:03.318   3.32
RUN TIME                                     Time variant calling                                              01:32:22.904   5542.90
RUN TIME                                     Time calculating target counts                                    00:06:36.890   396.89
RUN TIME                                     Time correcting GC bias                                           00:00:44.594   44.59
RUN TIME                                     Time normalizing case sample                                      00:02:18.969   138.97
RUN TIME                                     Time performing segmentation                                      00:00:01.407   1.41
RUN TIME                                     Time generating CNV calls                                         00:00:11.919   11.92
RUN TIME                                     Time generating CNV track files                                   00:00:22.761   22.76
RUN TIME                                     Time running CYP2D6 caller                                        00:06:06.613   366.61
RUN TIME                                     Time running SMN caller                                           00:06:06.144   366.14
RUN TIME                                     Time partitioning                                                 00:05:35.951   335.95
RUN TIME                                     Time genotyping repeats                                           00:06:22.408   382.41
RUN TIME                                     Time structural variant calling                                   00:20:42.540   1242.54
RUN TIME                                     Total runtime                                                     02:02:52.534   7372.53
==================================================================
DRAGEN finished normally
'/var/log/dragen/dragen_last_good_run.log' -> 'logs/dragen_last_good_run.log'
'/var/log/dragen/dragen_run_1692443366715_10236.log' -> 'logs/dragen_run_1692443366715_10236.log'
Resetting board #0
Resetting board #1
INFO: AGFI currently loaded agfi-018075550f8b798f4

==================================================================
Downloading HMM HW bitstream (agfi-018075550f8b798f4) - do not interrupt
==================================================================
INFO: AGFI currently loaded agfi-00952cab30ecef577

==================================================================
Downloading DNA Map/Align HW bitstream (board 1, agfi-00952cab30ecef577) - do not interrupt
==================================================================
............
AGFI: Downloaded HW bitstream agfi-018075550f8b798f4
.
AGFI: Downloaded HW bitstream agfi-00952cab30ecef577
