{"level":"info","msg":"Uploading once","time":"2023-08-19T13:17:37Z"}
{"level":"info","msg":"awaiting final sync","time":"2023-08-19T13:17:37Z"}
{"level":"info","msg":"received SIGINT, starting final sync","time":"2023-08-19T13:18:06Z"}
{"level":"info","msg":"starting final sync","time":"2023-08-19T13:18:06Z"}
{"level":"info","msg":"queued file for upload","path":"/ces/scheduler/run/13fa3361-dac6-418c-8205-bcbf78883892/data/.ica/user/auxiliary-output.log","time":"2023-08-19T13:18:06Z"}
{"file":"/ces/scheduler/run/13fa3361-dac6-418c-8205-bcbf78883892/data/.ica/user/auxiliary-output.log","level":"info","msg":"uploading file from queue","time":"2023-08-19T13:18:06Z"}
{"level":"info","msg":"upload attempt: #0","time":"2023-08-19T13:18:06Z"}
{"file":"/ces/scheduler/run/13fa3361-dac6-418c-8205-bcbf78883892/data/.ica/user/auxiliary-output.log","level":"info","msg":"started uploading file","time":"2023-08-19T13:18:06Z"}
{"level":"info","msg":"queued file for upload","path":"/ces/scheduler/run/13fa3361-dac6-418c-8205-bcbf78883892/data/.ica/user/bpe1-13fa3361-dac6-418c-8205-bcbf78883892-1pre/0/stderr.pjnhs.log","time":"2023-08-19T13:18:06Z"}
{"level":"info","msg":"queued file for upload","path":"/ces/scheduler/run/13fa3361-dac6-418c-8205-bcbf78883892/data/.ica/user/bpe1-13fa3361-dac6-418c-8205-bcbf78883892-1pre/0/stdout.pjnhs.log","time":"2023-08-19T13:18:06Z"}
{"file":"/ces/scheduler/run/13fa3361-dac6-418c-8205-bcbf78883892/data/.ica/user/bpe1-13fa3361-dac6-418c-8205-bcbf78883892-1pre/0/stderr.pjnhs.log","level":"info","msg":"uploading file from queue","time":"2023-08-19T13:18:06Z"}
{"level":"info","msg":"upload attempt: #0","time":"2023-08-19T13:18:06Z"}
{"file":"/ces/scheduler/run/13fa3361-dac6-418c-8205-bcbf78883892/data/.ica/user/bpe1-13fa3361-dac6-418c-8205-bcbf78883892-1pre/0/stderr.pjnhs.log","level":"info","msg":"started uploading file","time":"2023-08-19T13:18:06Z"}
{"file":"/ces/scheduler/run/13fa3361-dac6-418c-8205-bcbf78883892/data/.ica/user/bpe1-13fa3361-dac6-418c-8205-bcbf78883892-1pre/0/stdout.pjnhs.log","level":"info","msg":"uploading file from queue","time":"2023-08-19T13:18:06Z"}
{"level":"info","msg":"upload attempt: #0","time":"2023-08-19T13:18:06Z"}
{"file":"/ces/scheduler/run/13fa3361-dac6-418c-8205-bcbf78883892/data/.ica/user/bpe1-13fa3361-dac6-418c-8205-bcbf78883892-1pre/0/stdout.pjnhs.log","level":"info","msg":"started uploading file","time":"2023-08-19T13:18:06Z"}
{"level":"info","msg":"queued file for upload","path":"/ces/scheduler/run/13fa3361-dac6-418c-8205-bcbf78883892/data/.ica/user/bpe1-13fa3361-dac6-418c-8205-bcbf78883892-1pre/1/stderr.pjnhs.log","time":"2023-08-19T13:18:06Z"}
{"level":"info","msg":"queued file for upload","path":"/ces/scheduler/run/13fa3361-dac6-418c-8205-bcbf78883892/data/.ica/user/bpe1-13fa3361-dac6-418c-8205-bcbf78883892-1pre/1/stdout.pjnhs.log","time":"2023-08-19T13:18:06Z"}
{"file":"/ces/scheduler/run/13fa3361-dac6-418c-8205-bcbf78883892/data/.ica/user/bpe1-13fa3361-dac6-418c-8205-bcbf78883892-1pre/1/stdout.pjnhs.log","level":"info","msg":"uploading file from queue","time":"2023-08-19T13:18:06Z"}
{"level":"info","msg":"upload attempt: #0","time":"2023-08-19T13:18:06Z"}
{"file":"/ces/scheduler/run/13fa3361-dac6-418c-8205-bcbf78883892/data/.ica/user/bpe1-13fa3361-dac6-418c-8205-bcbf78883892-1pre/1/stderr.pjnhs.log","level":"info","msg":"uploading file from queue","time":"2023-08-19T13:18:06Z"}
{"level":"info","msg":"upload attempt: #0","time":"2023-08-19T13:18:06Z"}
{"file":"/ces/scheduler/run/13fa3361-dac6-418c-8205-bcbf78883892/data/.ica/user/bpe1-13fa3361-dac6-418c-8205-bcbf78883892-1pre/1/stderr.pjnhs.log","level":"info","msg":"started uploading file","time":"2023-08-19T13:18:06Z"}
{"file":"/ces/scheduler/run/13fa3361-dac6-418c-8205-bcbf78883892/data/.ica/user/bpe1-13fa3361-dac6-418c-8205-bcbf78883892-1pre/1/stdout.pjnhs.log","level":"info","msg":"started uploading file","time":"2023-08-19T13:18:06Z"}
{"level":"info","msg":"queued file for upload","path":"/ces/scheduler/run/13fa3361-dac6-418c-8205-bcbf78883892/data/.ica/user/bpe1-13fa3361-dac6-418c-8205-bcbf78883892-1pre/2/stderr.pjnhs.log","time":"2023-08-19T13:18:06Z"}
{"level":"info","msg":"queued file for upload","path":"/ces/scheduler/run/13fa3361-dac6-418c-8205-bcbf78883892/data/.ica/user/bpe1-13fa3361-dac6-418c-8205-bcbf78883892-1pre/2/stdout.pjnhs.log","time":"2023-08-19T13:18:06Z"}
{"level":"info","msg":"queued file for upload","path":"/ces/scheduler/run/13fa3361-dac6-418c-8205-bcbf78883892/data/.ica/user/bpe1-13fa3361-dac6-418c-8205-bcbf78883892-1pre/3/stderr.pjnhs.log","time":"2023-08-19T13:18:06Z"}
{"level":"info","msg":"queued file for upload","path":"/ces/scheduler/run/13fa3361-dac6-418c-8205-bcbf78883892/data/.ica/user/bpe1-13fa3361-dac6-418c-8205-bcbf78883892-1pre/3/stdout.pjnhs.log","time":"2023-08-19T13:18:06Z"}
{"file":"/ces/scheduler/run/13fa3361-dac6-418c-8205-bcbf78883892/data/.ica/user/bpe1-13fa3361-dac6-418c-8205-bcbf78883892-1pre/2/stdout.pjnhs.log","level":"info","msg":"uploading file from queue","time":"2023-08-19T13:18:06Z"}
{"level":"info","msg":"upload attempt: #0","time":"2023-08-19T13:18:06Z"}
{"file":"/ces/scheduler/run/13fa3361-dac6-418c-8205-bcbf78883892/data/.ica/user/bpe1-13fa3361-dac6-418c-8205-bcbf78883892-1pre/2/stdout.pjnhs.log","level":"info","msg":"started uploading file","time":"2023-08-19T13:18:06Z"}
{"file":"/ces/scheduler/run/13fa3361-dac6-418c-8205-bcbf78883892/data/.ica/user/bpe1-13fa3361-dac6-418c-8205-bcbf78883892-1pre/2/stderr.pjnhs.log","level":"info","msg":"uploading file from queue","time":"2023-08-19T13:18:06Z"}
{"level":"info","msg":"upload attempt: #0","time":"2023-08-19T13:18:06Z"}
{"file":"/ces/scheduler/run/13fa3361-dac6-418c-8205-bcbf78883892/data/.ica/user/bpe1-13fa3361-dac6-418c-8205-bcbf78883892-1pre/3/stderr.pjnhs.log","level":"info","msg":"uploading file from queue","time":"2023-08-19T13:18:06Z"}
{"level":"info","msg":"upload attempt: #0","time":"2023-08-19T13:18:06Z"}
{"file":"/ces/scheduler/run/13fa3361-dac6-418c-8205-bcbf78883892/data/.ica/user/bpe1-13fa3361-dac6-418c-8205-bcbf78883892-1pre/3/stderr.pjnhs.log","level":"info","msg":"started uploading file","time":"2023-08-19T13:18:06Z"}
{"file":"/ces/scheduler/run/13fa3361-dac6-418c-8205-bcbf78883892/data/.ica/user/bpe1-13fa3361-dac6-418c-8205-bcbf78883892-1pre/2/stderr.pjnhs.log","level":"info","msg":"started uploading file","time":"2023-08-19T13:18:06Z"}
{"file":"/ces/scheduler/run/13fa3361-dac6-418c-8205-bcbf78883892/data/.ica/user/bpe1-13fa3361-dac6-418c-8205-bcbf78883892-1pre/3/stdout.pjnhs.log","level":"info","msg":"uploading file from queue","time":"2023-08-19T13:18:06Z"}
{"level":"info","msg":"upload attempt: #0","time":"2023-08-19T13:18:06Z"}
{"level":"info","msg":"queued file for upload","path":"/ces/scheduler/run/13fa3361-dac6-418c-8205-bcbf78883892/data/.ica/user/bpe1-13fa3361-dac6-418c-8205-bcbf78883892-2uwf/0/stderr.p65j4.log","time":"2023-08-19T13:18:06Z"}
{"level":"info","msg":"queued file for upload","path":"/ces/scheduler/run/13fa3361-dac6-418c-8205-bcbf78883892/data/.ica/user/bpe1-13fa3361-dac6-418c-8205-bcbf78883892-2uwf/0/stdout.p65j4.log","time":"2023-08-19T13:18:06Z"}
{"file":"/ces/scheduler/run/13fa3361-dac6-418c-8205-bcbf78883892/data/.ica/user/bpe1-13fa3361-dac6-418c-8205-bcbf78883892-2uwf/0/stderr.p65j4.log","level":"info","msg":"uploading file from queue","time":"2023-08-19T13:18:06Z"}
{"level":"info","msg":"upload attempt: #0","time":"2023-08-19T13:18:06Z"}
{"file":"/ces/scheduler/run/13fa3361-dac6-418c-8205-bcbf78883892/data/.ica/user/bpe1-13fa3361-dac6-418c-8205-bcbf78883892-2uwf/0/stderr.p65j4.log","level":"info","msg":"started uploading file","time":"2023-08-19T13:18:06Z"}
{"file":"/ces/scheduler/run/13fa3361-dac6-418c-8205-bcbf78883892/data/.ica/user/bpe1-13fa3361-dac6-418c-8205-bcbf78883892-1pre/3/stdout.pjnhs.log","level":"info","msg":"started uploading file","time":"2023-08-19T13:18:06Z"}
{"file":"/ces/scheduler/run/13fa3361-dac6-418c-8205-bcbf78883892/data/.ica/user/bpe1-13fa3361-dac6-418c-8205-bcbf78883892-1pre/2/stderr.pjnhs.log","level":"info","msg":"finished uploading file","time":"2023-08-19T13:18:07Z","total_time":1190,"upload_to":"/6bd90a4d-878f-43f9-11bc-08da0fe1eeb9/analyses/test_CLI_run_v3-DRAGEN_Germline_BIMC_Clone-771c13db-e851-4b93-9cf6-ce15013dcb89-logs/bpe1-13fa3361-dac6-418c-8205-bcbf78883892-1pre/2/stderr.pjnhs.log"}
{"file":"/ces/scheduler/run/13fa3361-dac6-418c-8205-bcbf78883892/data/.ica/user/bpe1-13fa3361-dac6-418c-8205-bcbf78883892-2uwf/0/stdout.p65j4.log","level":"info","msg":"uploading file from queue","time":"2023-08-19T13:18:07Z"}
{"level":"info","msg":"upload attempt: #0","time":"2023-08-19T13:18:07Z"}
{"file":"/ces/scheduler/run/13fa3361-dac6-418c-8205-bcbf78883892/data/.ica/user/bpe1-13fa3361-dac6-418c-8205-bcbf78883892-2uwf/0/stdout.p65j4.log","level":"info","msg":"started uploading file","time":"2023-08-19T13:18:07Z"}
{"level":"info","msg":"queued file for upload","path":"/ces/scheduler/run/13fa3361-dac6-418c-8205-bcbf78883892/data/.ica/user/bpe1-13fa3361-dac6-418c-8205-bcbf78883892-3post/0/stderr.4bd9j.log","time":"2023-08-19T13:18:07Z"}
{"file":"/ces/scheduler/run/13fa3361-dac6-418c-8205-bcbf78883892/data/.ica/user/bpe1-13fa3361-dac6-418c-8205-bcbf78883892-1pre/3/stderr.pjnhs.log","level":"info","msg":"finished uploading file","time":"2023-08-19T13:18:07Z","total_time":910,"upload_to":"/6bd90a4d-878f-43f9-11bc-08da0fe1eeb9/analyses/test_CLI_run_v3-DRAGEN_Germline_BIMC_Clone-771c13db-e851-4b93-9cf6-ce15013dcb89-logs/bpe1-13fa3361-dac6-418c-8205-bcbf78883892-1pre/3/stderr.pjnhs.log"}
{"file":"/ces/scheduler/run/13fa3361-dac6-418c-8205-bcbf78883892/data/.ica/user/bpe1-13fa3361-dac6-418c-8205-bcbf78883892-3post/0/stderr.4bd9j.log","level":"info","msg":"uploading file from queue","time":"2023-08-19T13:18:07Z"}
{"level":"info","msg":"upload attempt: #0","time":"2023-08-19T13:18:07Z"}
{"file":"/ces/scheduler/run/13fa3361-dac6-418c-8205-bcbf78883892/data/.ica/user/bpe1-13fa3361-dac6-418c-8205-bcbf78883892-3post/0/stderr.4bd9j.log","level":"info","msg":"started uploading file","time":"2023-08-19T13:18:07Z"}
{"level":"info","msg":"queued file for upload","path":"/ces/scheduler/run/13fa3361-dac6-418c-8205-bcbf78883892/data/.ica/user/bpe1-13fa3361-dac6-418c-8205-bcbf78883892-3post/0/stdout.4bd9j.log","time":"2023-08-19T13:18:07Z"}
{"file":"/ces/scheduler/run/13fa3361-dac6-418c-8205-bcbf78883892/data/.ica/user/bpe1-13fa3361-dac6-418c-8205-bcbf78883892-1pre/3/stdout.pjnhs.log","level":"info","msg":"finished uploading file","time":"2023-08-19T13:18:07Z","total_time":820,"upload_to":"/6bd90a4d-878f-43f9-11bc-08da0fe1eeb9/analyses/test_CLI_run_v3-DRAGEN_Germline_BIMC_Clone-771c13db-e851-4b93-9cf6-ce15013dcb89-logs/bpe1-13fa3361-dac6-418c-8205-bcbf78883892-1pre/3/stdout.pjnhs.log"}
{"file":"/ces/scheduler/run/13fa3361-dac6-418c-8205-bcbf78883892/data/.ica/user/bpe1-13fa3361-dac6-418c-8205-bcbf78883892-3post/0/stdout.4bd9j.log","level":"info","msg":"uploading file from queue","time":"2023-08-19T13:18:07Z"}
{"level":"info","msg":"upload attempt: #0","time":"2023-08-19T13:18:07Z"}
{"file":"/ces/scheduler/run/13fa3361-dac6-418c-8205-bcbf78883892/data/.ica/user/bpe1-13fa3361-dac6-418c-8205-bcbf78883892-3post/0/stdout.4bd9j.log","level":"info","msg":"started uploading file","time":"2023-08-19T13:18:07Z"}
{"level":"info","msg":"queued file for upload","path":"/ces/scheduler/run/13fa3361-dac6-418c-8205-bcbf78883892/data/.ica/user/bpe1-13fa3361-dac6-418c-8205-bcbf78883892-3post/1/stderr.4bd9j.log","time":"2023-08-19T13:18:07Z"}
{"file":"/ces/scheduler/run/13fa3361-dac6-418c-8205-bcbf78883892/data/.ica/user/bpe1-13fa3361-dac6-418c-8205-bcbf78883892-1pre/1/stdout.pjnhs.log","level":"info","msg":"finished uploading file","time":"2023-08-19T13:18:07Z","total_time":870,"upload_to":"/6bd90a4d-878f-43f9-11bc-08da0fe1eeb9/analyses/test_CLI_run_v3-DRAGEN_Germline_BIMC_Clone-771c13db-e851-4b93-9cf6-ce15013dcb89-logs/bpe1-13fa3361-dac6-418c-8205-bcbf78883892-1pre/1/stdout.pjnhs.log"}
{"file":"/ces/scheduler/run/13fa3361-dac6-418c-8205-bcbf78883892/data/.ica/user/bpe1-13fa3361-dac6-418c-8205-bcbf78883892-3post/1/stderr.4bd9j.log","level":"info","msg":"uploading file from queue","time":"2023-08-19T13:18:07Z"}
{"level":"info","msg":"upload attempt: #0","time":"2023-08-19T13:18:07Z"}
{"file":"/ces/scheduler/run/13fa3361-dac6-418c-8205-bcbf78883892/data/.ica/user/bpe1-13fa3361-dac6-418c-8205-bcbf78883892-3post/1/stderr.4bd9j.log","level":"info","msg":"started uploading file","time":"2023-08-19T13:18:07Z"}
{"level":"info","msg":"queued file for upload","path":"/ces/scheduler/run/13fa3361-dac6-418c-8205-bcbf78883892/data/.ica/user/bpe1-13fa3361-dac6-418c-8205-bcbf78883892-3post/1/stdout.4bd9j.log","time":"2023-08-19T13:18:07Z"}
{"file":"/ces/scheduler/run/13fa3361-dac6-418c-8205-bcbf78883892/data/.ica/user/bpe1-13fa3361-dac6-418c-8205-bcbf78883892-1pre/0/stderr.pjnhs.log","level":"info","msg":"finished uploading file","time":"2023-08-19T13:18:07Z","total_time":930,"upload_to":"/6bd90a4d-878f-43f9-11bc-08da0fe1eeb9/analyses/test_CLI_run_v3-DRAGEN_Germline_BIMC_Clone-771c13db-e851-4b93-9cf6-ce15013dcb89-logs/bpe1-13fa3361-dac6-418c-8205-bcbf78883892-1pre/0/stderr.pjnhs.log"}
{"file":"/ces/scheduler/run/13fa3361-dac6-418c-8205-bcbf78883892/data/.ica/user/bpe1-13fa3361-dac6-418c-8205-bcbf78883892-3post/1/stdout.4bd9j.log","level":"info","msg":"uploading file from queue","time":"2023-08-19T13:18:07Z"}
{"level":"info","msg":"upload attempt: #0","time":"2023-08-19T13:18:07Z"}
{"file":"/ces/scheduler/run/13fa3361-dac6-418c-8205-bcbf78883892/data/.ica/user/bpe1-13fa3361-dac6-418c-8205-bcbf78883892-3post/1/stdout.4bd9j.log","level":"info","msg":"started uploading file","time":"2023-08-19T13:18:07Z"}
{"level":"info","msg":"queued file for upload","path":"/ces/scheduler/run/13fa3361-dac6-418c-8205-bcbf78883892/data/.ica/user/bpe1-13fa3361-dac6-418c-8205-bcbf78883892-3post/2/stderr.4bd9j.log","time":"2023-08-19T13:18:07Z"}
{"file":"/ces/scheduler/run/13fa3361-dac6-418c-8205-bcbf78883892/data/.ica/user/bpe1-13fa3361-dac6-418c-8205-bcbf78883892-1pre/1/stderr.pjnhs.log","level":"info","msg":"finished uploading file","time":"2023-08-19T13:18:07Z","total_time":970,"upload_to":"/6bd90a4d-878f-43f9-11bc-08da0fe1eeb9/analyses/test_CLI_run_v3-DRAGEN_Germline_BIMC_Clone-771c13db-e851-4b93-9cf6-ce15013dcb89-logs/bpe1-13fa3361-dac6-418c-8205-bcbf78883892-1pre/1/stderr.pjnhs.log"}
{"file":"/ces/scheduler/run/13fa3361-dac6-418c-8205-bcbf78883892/data/.ica/user/bpe1-13fa3361-dac6-418c-8205-bcbf78883892-3post/2/stderr.4bd9j.log","level":"info","msg":"uploading file from queue","time":"2023-08-19T13:18:07Z"}
{"level":"info","msg":"upload attempt: #0","time":"2023-08-19T13:18:07Z"}
{"file":"/ces/scheduler/run/13fa3361-dac6-418c-8205-bcbf78883892/data/.ica/user/bpe1-13fa3361-dac6-418c-8205-bcbf78883892-3post/2/stderr.4bd9j.log","level":"info","msg":"started uploading file","time":"2023-08-19T13:18:07Z"}
{"level":"info","msg":"queued file for upload","path":"/ces/scheduler/run/13fa3361-dac6-418c-8205-bcbf78883892/data/.ica/user/bpe1-13fa3361-dac6-418c-8205-bcbf78883892-3post/2/stdout.4bd9j.log","time":"2023-08-19T13:18:07Z"}
{"file":"/ces/scheduler/run/13fa3361-dac6-418c-8205-bcbf78883892/data/.ica/user/bpe1-13fa3361-dac6-418c-8205-bcbf78883892-2uwf/0/stderr.p65j4.log","level":"info","msg":"finished uploading file","time":"2023-08-19T13:18:07Z","total_time":990,"upload_to":"/6bd90a4d-878f-43f9-11bc-08da0fe1eeb9/analyses/test_CLI_run_v3-DRAGEN_Germline_BIMC_Clone-771c13db-e851-4b93-9cf6-ce15013dcb89-logs/bpe1-13fa3361-dac6-418c-8205-bcbf78883892-2uwf/0/stderr.p65j4.log"}
{"file":"/ces/scheduler/run/13fa3361-dac6-418c-8205-bcbf78883892/data/.ica/user/bpe1-13fa3361-dac6-418c-8205-bcbf78883892-3post/2/stdout.4bd9j.log","level":"info","msg":"uploading file from queue","time":"2023-08-19T13:18:07Z"}
{"level":"info","msg":"upload attempt: #0","time":"2023-08-19T13:18:07Z"}
{"file":"/ces/scheduler/run/13fa3361-dac6-418c-8205-bcbf78883892/data/.ica/user/bpe1-13fa3361-dac6-418c-8205-bcbf78883892-3post/2/stdout.4bd9j.log","level":"info","msg":"started uploading file","time":"2023-08-19T13:18:07Z"}
{"level":"info","msg":"queued file for upload","path":"/ces/scheduler/run/13fa3361-dac6-418c-8205-bcbf78883892/data/.ica/user/bpe1-13fa3361-dac6-418c-8205-bcbf78883892-3post/3/stderr.4bd9j.log","time":"2023-08-19T13:18:07Z"}
{"file":"/ces/scheduler/run/13fa3361-dac6-418c-8205-bcbf78883892/data/.ica/user/bpe1-13fa3361-dac6-418c-8205-bcbf78883892-1pre/0/stdout.pjnhs.log","level":"info","msg":"finished uploading file","time":"2023-08-19T13:18:07Z","total_time":1030,"upload_to":"/6bd90a4d-878f-43f9-11bc-08da0fe1eeb9/analyses/test_CLI_run_v3-DRAGEN_Germline_BIMC_Clone-771c13db-e851-4b93-9cf6-ce15013dcb89-logs/bpe1-13fa3361-dac6-418c-8205-bcbf78883892-1pre/0/stdout.pjnhs.log"}
{"file":"/ces/scheduler/run/13fa3361-dac6-418c-8205-bcbf78883892/data/.ica/user/bpe1-13fa3361-dac6-418c-8205-bcbf78883892-3post/3/stderr.4bd9j.log","level":"info","msg":"uploading file from queue","time":"2023-08-19T13:18:07Z"}
{"level":"info","msg":"upload attempt: #0","time":"2023-08-19T13:18:07Z"}
{"file":"/ces/scheduler/run/13fa3361-dac6-418c-8205-bcbf78883892/data/.ica/user/bpe1-13fa3361-dac6-418c-8205-bcbf78883892-3post/3/stderr.4bd9j.log","level":"info","msg":"started uploading file","time":"2023-08-19T13:18:07Z"}
{"level":"info","msg":"queued file for upload","path":"/ces/scheduler/run/13fa3361-dac6-418c-8205-bcbf78883892/data/.ica/user/bpe1-13fa3361-dac6-418c-8205-bcbf78883892-3post/3/stdout.4bd9j.log","time":"2023-08-19T13:18:07Z"}
