{"level":"info","msg":"Uploading once","time":"2023-08-19T13:14:39Z"}
{"level":"info","msg":"awaiting final sync","time":"2023-08-19T13:14:39Z"}
{"level":"info","msg":"received SIGINT, starting final sync","time":"2023-08-19T13:15:08Z"}
{"level":"info","msg":"starting final sync","time":"2023-08-19T13:15:08Z"}
{"level":"info","msg":"queued file for upload","path":"/ces/scheduler/run/13fa3361-dac6-418c-8205-bcbf78883892/data/.ica/user/auxiliary-output.log","time":"2023-08-19T13:15:08Z"}
{"file":"/ces/scheduler/run/13fa3361-dac6-418c-8205-bcbf78883892/data/.ica/user/auxiliary-output.log","level":"info","msg":"uploading file from queue","time":"2023-08-19T13:15:08Z"}
{"level":"info","msg":"upload attempt: #0","time":"2023-08-19T13:15:08Z"}
{"file":"/ces/scheduler/run/13fa3361-dac6-418c-8205-bcbf78883892/data/.ica/user/auxiliary-output.log","level":"info","msg":"started uploading file","time":"2023-08-19T13:15:08Z"}
{"level":"info","msg":"queued file for upload","path":"/ces/scheduler/run/13fa3361-dac6-418c-8205-bcbf78883892/data/.ica/user/bpe1-13fa3361-dac6-418c-8205-bcbf78883892-1pre/0/stderr.pjnhs.log","time":"2023-08-19T13:15:08Z"}
{"file":"/ces/scheduler/run/13fa3361-dac6-418c-8205-bcbf78883892/data/.ica/user/bpe1-13fa3361-dac6-418c-8205-bcbf78883892-1pre/0/stderr.pjnhs.log","level":"info","msg":"uploading file from queue","time":"2023-08-19T13:15:08Z"}
{"level":"info","msg":"upload attempt: #0","time":"2023-08-19T13:15:08Z"}
{"file":"/ces/scheduler/run/13fa3361-dac6-418c-8205-bcbf78883892/data/.ica/user/bpe1-13fa3361-dac6-418c-8205-bcbf78883892-1pre/0/stderr.pjnhs.log","level":"info","msg":"started uploading file","time":"2023-08-19T13:15:08Z"}
{"level":"info","msg":"queued file for upload","path":"/ces/scheduler/run/13fa3361-dac6-418c-8205-bcbf78883892/data/.ica/user/bpe1-13fa3361-dac6-418c-8205-bcbf78883892-1pre/0/stdout.pjnhs.log","time":"2023-08-19T13:15:08Z"}
{"file":"/ces/scheduler/run/13fa3361-dac6-418c-8205-bcbf78883892/data/.ica/user/bpe1-13fa3361-dac6-418c-8205-bcbf78883892-1pre/0/stdout.pjnhs.log","level":"info","msg":"uploading file from queue","time":"2023-08-19T13:15:08Z"}
{"level":"info","msg":"upload attempt: #0","time":"2023-08-19T13:15:08Z"}
{"file":"/ces/scheduler/run/13fa3361-dac6-418c-8205-bcbf78883892/data/.ica/user/bpe1-13fa3361-dac6-418c-8205-bcbf78883892-1pre/0/stdout.pjnhs.log","level":"info","msg":"started uploading file","time":"2023-08-19T13:15:08Z"}
{"level":"info","msg":"queued file for upload","path":"/ces/scheduler/run/13fa3361-dac6-418c-8205-bcbf78883892/data/.ica/user/bpe1-13fa3361-dac6-418c-8205-bcbf78883892-1pre/1/stderr.pjnhs.log","time":"2023-08-19T13:15:08Z"}
{"file":"/ces/scheduler/run/13fa3361-dac6-418c-8205-bcbf78883892/data/.ica/user/bpe1-13fa3361-dac6-418c-8205-bcbf78883892-1pre/1/stderr.pjnhs.log","level":"info","msg":"uploading file from queue","time":"2023-08-19T13:15:08Z"}
{"level":"info","msg":"upload attempt: #0","time":"2023-08-19T13:15:08Z"}
{"file":"/ces/scheduler/run/13fa3361-dac6-418c-8205-bcbf78883892/data/.ica/user/bpe1-13fa3361-dac6-418c-8205-bcbf78883892-1pre/1/stderr.pjnhs.log","level":"info","msg":"started uploading file","time":"2023-08-19T13:15:08Z"}
{"level":"info","msg":"queued file for upload","path":"/ces/scheduler/run/13fa3361-dac6-418c-8205-bcbf78883892/data/.ica/user/bpe1-13fa3361-dac6-418c-8205-bcbf78883892-1pre/1/stdout.pjnhs.log","time":"2023-08-19T13:15:08Z"}
{"file":"/ces/scheduler/run/13fa3361-dac6-418c-8205-bcbf78883892/data/.ica/user/bpe1-13fa3361-dac6-418c-8205-bcbf78883892-1pre/1/stdout.pjnhs.log","level":"info","msg":"uploading file from queue","time":"2023-08-19T13:15:08Z"}
{"level":"info","msg":"upload attempt: #0","time":"2023-08-19T13:15:08Z"}
{"file":"/ces/scheduler/run/13fa3361-dac6-418c-8205-bcbf78883892/data/.ica/user/bpe1-13fa3361-dac6-418c-8205-bcbf78883892-1pre/1/stdout.pjnhs.log","level":"info","msg":"started uploading file","time":"2023-08-19T13:15:08Z"}
{"level":"info","msg":"queued file for upload","path":"/ces/scheduler/run/13fa3361-dac6-418c-8205-bcbf78883892/data/.ica/user/bpe1-13fa3361-dac6-418c-8205-bcbf78883892-1pre/2/stderr.pjnhs.log","time":"2023-08-19T13:15:08Z"}
{"file":"/ces/scheduler/run/13fa3361-dac6-418c-8205-bcbf78883892/data/.ica/user/bpe1-13fa3361-dac6-418c-8205-bcbf78883892-1pre/2/stderr.pjnhs.log","level":"info","msg":"uploading file from queue","time":"2023-08-19T13:15:08Z"}
{"level":"info","msg":"upload attempt: #0","time":"2023-08-19T13:15:08Z"}
{"file":"/ces/scheduler/run/13fa3361-dac6-418c-8205-bcbf78883892/data/.ica/user/bpe1-13fa3361-dac6-418c-8205-bcbf78883892-1pre/2/stderr.pjnhs.log","level":"info","msg":"started uploading file","time":"2023-08-19T13:15:08Z"}
{"level":"info","msg":"queued file for upload","path":"/ces/scheduler/run/13fa3361-dac6-418c-8205-bcbf78883892/data/.ica/user/bpe1-13fa3361-dac6-418c-8205-bcbf78883892-1pre/2/stdout.pjnhs.log","time":"2023-08-19T13:15:08Z"}
{"file":"/ces/scheduler/run/13fa3361-dac6-418c-8205-bcbf78883892/data/.ica/user/bpe1-13fa3361-dac6-418c-8205-bcbf78883892-1pre/2/stdout.pjnhs.log","level":"info","msg":"uploading file from queue","time":"2023-08-19T13:15:08Z"}
{"level":"info","msg":"upload attempt: #0","time":"2023-08-19T13:15:08Z"}
{"file":"/ces/scheduler/run/13fa3361-dac6-418c-8205-bcbf78883892/data/.ica/user/bpe1-13fa3361-dac6-418c-8205-bcbf78883892-1pre/2/stdout.pjnhs.log","level":"info","msg":"started uploading file","time":"2023-08-19T13:15:08Z"}
{"level":"info","msg":"queued file for upload","path":"/ces/scheduler/run/13fa3361-dac6-418c-8205-bcbf78883892/data/.ica/user/bpe1-13fa3361-dac6-418c-8205-bcbf78883892-1pre/3/stderr.pjnhs.log","time":"2023-08-19T13:15:08Z"}
{"file":"/ces/scheduler/run/13fa3361-dac6-418c-8205-bcbf78883892/data/.ica/user/bpe1-13fa3361-dac6-418c-8205-bcbf78883892-1pre/3/stderr.pjnhs.log","level":"info","msg":"uploading file from queue","time":"2023-08-19T13:15:08Z"}
{"level":"info","msg":"upload attempt: #0","time":"2023-08-19T13:15:08Z"}
{"file":"/ces/scheduler/run/13fa3361-dac6-418c-8205-bcbf78883892/data/.ica/user/bpe1-13fa3361-dac6-418c-8205-bcbf78883892-1pre/3/stderr.pjnhs.log","level":"info","msg":"started uploading file","time":"2023-08-19T13:15:08Z"}
{"level":"info","msg":"queued file for upload","path":"/ces/scheduler/run/13fa3361-dac6-418c-8205-bcbf78883892/data/.ica/user/bpe1-13fa3361-dac6-418c-8205-bcbf78883892-1pre/3/stdout.pjnhs.log","time":"2023-08-19T13:15:08Z"}
{"file":"/ces/scheduler/run/13fa3361-dac6-418c-8205-bcbf78883892/data/.ica/user/bpe1-13fa3361-dac6-418c-8205-bcbf78883892-1pre/3/stdout.pjnhs.log","level":"info","msg":"uploading file from queue","time":"2023-08-19T13:15:08Z"}
{"level":"info","msg":"upload attempt: #0","time":"2023-08-19T13:15:08Z"}
{"file":"/ces/scheduler/run/13fa3361-dac6-418c-8205-bcbf78883892/data/.ica/user/bpe1-13fa3361-dac6-418c-8205-bcbf78883892-1pre/3/stdout.pjnhs.log","level":"info","msg":"started uploading file","time":"2023-08-19T13:15:08Z"}
{"level":"info","msg":"queued file for upload","path":"/ces/scheduler/run/13fa3361-dac6-418c-8205-bcbf78883892/data/.ica/user/bpe1-13fa3361-dac6-418c-8205-bcbf78883892-2uwf/0/stderr.p65j4.log","time":"2023-08-19T13:15:08Z"}
{"file":"/ces/scheduler/run/13fa3361-dac6-418c-8205-bcbf78883892/data/.ica/user/bpe1-13fa3361-dac6-418c-8205-bcbf78883892-2uwf/0/stderr.p65j4.log","level":"info","msg":"uploading file from queue","time":"2023-08-19T13:15:08Z"}
{"level":"info","msg":"upload attempt: #0","time":"2023-08-19T13:15:08Z"}
{"file":"/ces/scheduler/run/13fa3361-dac6-418c-8205-bcbf78883892/data/.ica/user/bpe1-13fa3361-dac6-418c-8205-bcbf78883892-2uwf/0/stderr.p65j4.log","level":"info","msg":"started uploading file","time":"2023-08-19T13:15:08Z"}
{"level":"info","msg":"queued file for upload","path":"/ces/scheduler/run/13fa3361-dac6-418c-8205-bcbf78883892/data/.ica/user/bpe1-13fa3361-dac6-418c-8205-bcbf78883892-2uwf/0/stdout.p65j4.log","time":"2023-08-19T13:15:08Z"}
{"file":"/ces/scheduler/run/13fa3361-dac6-418c-8205-bcbf78883892/data/.ica/user/bpe1-13fa3361-dac6-418c-8205-bcbf78883892-1pre/1/stderr.pjnhs.log","level":"info","msg":"finished uploading file","time":"2023-08-19T13:15:09Z","total_time":1430,"upload_to":"/6bd90a4d-878f-43f9-11bc-08da0fe1eeb9/analyses/test_CLI_run_v3-DRAGEN_Germline_BIMC_Clone-771c13db-e851-4b93-9cf6-ce15013dcb89-logs/bpe1-13fa3361-dac6-418c-8205-bcbf78883892-1pre/1/stderr.pjnhs.log"}
{"file":"/ces/scheduler/run/13fa3361-dac6-418c-8205-bcbf78883892/data/.ica/user/bpe1-13fa3361-dac6-418c-8205-bcbf78883892-2uwf/0/stdout.p65j4.log","level":"info","msg":"uploading file from queue","time":"2023-08-19T13:15:09Z"}
{"level":"info","msg":"upload attempt: #0","time":"2023-08-19T13:15:09Z"}
{"file":"/ces/scheduler/run/13fa3361-dac6-418c-8205-bcbf78883892/data/.ica/user/bpe1-13fa3361-dac6-418c-8205-bcbf78883892-2uwf/0/stdout.p65j4.log","level":"info","msg":"started uploading file","time":"2023-08-19T13:15:09Z"}
{"level":"info","msg":"queued file for upload","path":"/ces/scheduler/run/13fa3361-dac6-418c-8205-bcbf78883892/data/.ica/user/bpe1-13fa3361-dac6-418c-8205-bcbf78883892-3post/0/stderr.4bd9j.log","time":"2023-08-19T13:15:09Z"}
{"file":"/ces/scheduler/run/13fa3361-dac6-418c-8205-bcbf78883892/data/.ica/user/bpe1-13fa3361-dac6-418c-8205-bcbf78883892-1pre/3/stdout.pjnhs.log","level":"info","msg":"finished uploading file","time":"2023-08-19T13:15:09Z","total_time":890,"upload_to":"/6bd90a4d-878f-43f9-11bc-08da0fe1eeb9/analyses/test_CLI_run_v3-DRAGEN_Germline_BIMC_Clone-771c13db-e851-4b93-9cf6-ce15013dcb89-logs/bpe1-13fa3361-dac6-418c-8205-bcbf78883892-1pre/3/stdout.pjnhs.log"}
{"file":"/ces/scheduler/run/13fa3361-dac6-418c-8205-bcbf78883892/data/.ica/user/bpe1-13fa3361-dac6-418c-8205-bcbf78883892-3post/0/stderr.4bd9j.log","level":"info","msg":"uploading file from queue","time":"2023-08-19T13:15:09Z"}
{"level":"info","msg":"upload attempt: #0","time":"2023-08-19T13:15:09Z"}
{"file":"/ces/scheduler/run/13fa3361-dac6-418c-8205-bcbf78883892/data/.ica/user/bpe1-13fa3361-dac6-418c-8205-bcbf78883892-3post/0/stderr.4bd9j.log","level":"info","msg":"started uploading file","time":"2023-08-19T13:15:09Z"}
{"level":"info","msg":"queued file for upload","path":"/ces/scheduler/run/13fa3361-dac6-418c-8205-bcbf78883892/data/.ica/user/bpe1-13fa3361-dac6-418c-8205-bcbf78883892-3post/0/stdout.4bd9j.log","time":"2023-08-19T13:15:09Z"}
{"file":"/ces/scheduler/run/13fa3361-dac6-418c-8205-bcbf78883892/data/.ica/user/auxiliary-output.log","level":"info","msg":"finished uploading file","time":"2023-08-19T13:15:09Z","total_time":810,"upload_to":"/6bd90a4d-878f-43f9-11bc-08da0fe1eeb9/analyses/test_CLI_run_v3-DRAGEN_Germline_BIMC_Clone-771c13db-e851-4b93-9cf6-ce15013dcb89-logs/auxiliary-output.log"}
{"file":"/ces/scheduler/run/13fa3361-dac6-418c-8205-bcbf78883892/data/.ica/user/bpe1-13fa3361-dac6-418c-8205-bcbf78883892-3post/0/stdout.4bd9j.log","level":"info","msg":"uploading file from queue","time":"2023-08-19T13:15:09Z"}
{"level":"info","msg":"upload attempt: #0","time":"2023-08-19T13:15:09Z"}
{"file":"/ces/scheduler/run/13fa3361-dac6-418c-8205-bcbf78883892/data/.ica/user/bpe1-13fa3361-dac6-418c-8205-bcbf78883892-3post/0/stdout.4bd9j.log","level":"info","msg":"started uploading file","time":"2023-08-19T13:15:09Z"}
{"file":"/ces/scheduler/run/13fa3361-dac6-418c-8205-bcbf78883892/data/.ica/user/bpe1-13fa3361-dac6-418c-8205-bcbf78883892-1pre/3/stderr.pjnhs.log","level":"info","msg":"finished uploading file","time":"2023-08-19T13:15:09Z","total_time":740,"upload_to":"/6bd90a4d-878f-43f9-11bc-08da0fe1eeb9/analyses/test_CLI_run_v3-DRAGEN_Germline_BIMC_Clone-771c13db-e851-4b93-9cf6-ce15013dcb89-logs/bpe1-13fa3361-dac6-418c-8205-bcbf78883892-1pre/3/stderr.pjnhs.log"}
{"file":"/ces/scheduler/run/13fa3361-dac6-418c-8205-bcbf78883892/data/.ica/user/bpe1-13fa3361-dac6-418c-8205-bcbf78883892-2uwf/0/stderr.p65j4.log","level":"info","msg":"finished uploading file","time":"2023-08-19T13:15:09Z","total_time":810,"upload_to":"/6bd90a4d-878f-43f9-11bc-08da0fe1eeb9/analyses/test_CLI_run_v3-DRAGEN_Germline_BIMC_Clone-771c13db-e851-4b93-9cf6-ce15013dcb89-logs/bpe1-13fa3361-dac6-418c-8205-bcbf78883892-2uwf/0/stderr.p65j4.log"}
{"level":"info","msg":"queued file for upload","path":"/ces/scheduler/run/13fa3361-dac6-418c-8205-bcbf78883892/data/.ica/user/bpe1-13fa3361-dac6-418c-8205-bcbf78883892-3post/1/stderr.4bd9j.log","time":"2023-08-19T13:15:09Z"}
{"level":"info","msg":"queued file for upload","path":"/ces/scheduler/run/13fa3361-dac6-418c-8205-bcbf78883892/data/.ica/user/bpe1-13fa3361-dac6-418c-8205-bcbf78883892-3post/1/stdout.4bd9j.log","time":"2023-08-19T13:15:09Z"}
{"file":"/ces/scheduler/run/13fa3361-dac6-418c-8205-bcbf78883892/data/.ica/user/bpe1-13fa3361-dac6-418c-8205-bcbf78883892-3post/1/stderr.4bd9j.log","level":"info","msg":"uploading file from queue","time":"2023-08-19T13:15:09Z"}
{"level":"info","msg":"upload attempt: #0","time":"2023-08-19T13:15:09Z"}
{"file":"/ces/scheduler/run/13fa3361-dac6-418c-8205-bcbf78883892/data/.ica/user/bpe1-13fa3361-dac6-418c-8205-bcbf78883892-3post/1/stderr.4bd9j.log","level":"info","msg":"started uploading file","time":"2023-08-19T13:15:09Z"}
{"file":"/ces/scheduler/run/13fa3361-dac6-418c-8205-bcbf78883892/data/.ica/user/bpe1-13fa3361-dac6-418c-8205-bcbf78883892-3post/1/stdout.4bd9j.log","level":"info","msg":"uploading file from queue","time":"2023-08-19T13:15:09Z"}
{"level":"info","msg":"upload attempt: #0","time":"2023-08-19T13:15:09Z"}
{"file":"/ces/scheduler/run/13fa3361-dac6-418c-8205-bcbf78883892/data/.ica/user/bpe1-13fa3361-dac6-418c-8205-bcbf78883892-3post/1/stdout.4bd9j.log","level":"info","msg":"started uploading file","time":"2023-08-19T13:15:09Z"}
{"level":"info","msg":"queued file for upload","path":"/ces/scheduler/run/13fa3361-dac6-418c-8205-bcbf78883892/data/.ica/user/dag-report.dot","time":"2023-08-19T13:15:09Z"}
{"file":"/ces/scheduler/run/13fa3361-dac6-418c-8205-bcbf78883892/data/.ica/user/bpe1-13fa3361-dac6-418c-8205-bcbf78883892-1pre/0/stderr.pjnhs.log","level":"info","msg":"finished uploading file","time":"2023-08-19T13:15:09Z","total_time":890,"upload_to":"/6bd90a4d-878f-43f9-11bc-08da0fe1eeb9/analyses/test_CLI_run_v3-DRAGEN_Germline_BIMC_Clone-771c13db-e851-4b93-9cf6-ce15013dcb89-logs/bpe1-13fa3361-dac6-418c-8205-bcbf78883892-1pre/0/stderr.pjnhs.log"}
{"file":"/ces/scheduler/run/13fa3361-dac6-418c-8205-bcbf78883892/data/.ica/user/dag-report.dot","level":"info","msg":"uploading file from queue","time":"2023-08-19T13:15:09Z"}
{"level":"info","msg":"upload attempt: #0","time":"2023-08-19T13:15:09Z"}
{"file":"/ces/scheduler/run/13fa3361-dac6-418c-8205-bcbf78883892/data/.ica/user/dag-report.dot","level":"info","msg":"started uploading file","time":"2023-08-19T13:15:09Z"}
{"level":"info","msg":"queued file for upload","path":"/ces/scheduler/run/13fa3361-dac6-418c-8205-bcbf78883892/data/.ica/user/debugging-commands.db","time":"2023-08-19T13:15:09Z"}
{"file":"/ces/scheduler/run/13fa3361-dac6-418c-8205-bcbf78883892/data/.ica/user/bpe1-13fa3361-dac6-418c-8205-bcbf78883892-1pre/2/stderr.pjnhs.log","level":"info","msg":"finished uploading file","time":"2023-08-19T13:15:09Z","total_time":860,"upload_to":"/6bd90a4d-878f-43f9-11bc-08da0fe1eeb9/analyses/test_CLI_run_v3-DRAGEN_Germline_BIMC_Clone-771c13db-e851-4b93-9cf6-ce15013dcb89-logs/bpe1-13fa3361-dac6-418c-8205-bcbf78883892-1pre/2/stderr.pjnhs.log"}
{"file":"/ces/scheduler/run/13fa3361-dac6-418c-8205-bcbf78883892/data/.ica/user/debugging-commands.db","level":"info","msg":"uploading file from queue","time":"2023-08-19T13:15:09Z"}
{"level":"info","msg":"upload attempt: #0","time":"2023-08-19T13:15:09Z"}
{"file":"/ces/scheduler/run/13fa3361-dac6-418c-8205-bcbf78883892/data/.ica/user/debugging-commands.db","level":"info","msg":"started uploading file","time":"2023-08-19T13:15:09Z"}
{"level":"info","msg":"queued file for upload","path":"/ces/scheduler/run/13fa3361-dac6-418c-8205-bcbf78883892/data/.ica/user/debugging-output.log","time":"2023-08-19T13:15:09Z"}
{"file":"/ces/scheduler/run/13fa3361-dac6-418c-8205-bcbf78883892/data/.ica/user/bpe1-13fa3361-dac6-418c-8205-bcbf78883892-3post/0/stderr.4bd9j.log","level":"info","msg":"finished uploading file","time":"2023-08-19T13:15:09Z","total_time":880,"upload_to":"/6bd90a4d-878f-43f9-11bc-08da0fe1eeb9/analyses/test_CLI_run_v3-DRAGEN_Germline_BIMC_Clone-771c13db-e851-4b93-9cf6-ce15013dcb89-logs/bpe1-13fa3361-dac6-418c-8205-bcbf78883892-3post/0/stderr.4bd9j.log"}
{"file":"/ces/scheduler/run/13fa3361-dac6-418c-8205-bcbf78883892/data/.ica/user/debugging-output.log","level":"info","msg":"uploading file from queue","time":"2023-08-19T13:15:09Z"}
{"level":"info","msg":"upload attempt: #0","time":"2023-08-19T13:15:09Z"}
{"file":"/ces/scheduler/run/13fa3361-dac6-418c-8205-bcbf78883892/data/.ica/user/debugging-output.log","level":"info","msg":"started uploading file","time":"2023-08-19T13:15:09Z"}
{"level":"info","msg":"queued file for upload","path":"/ces/scheduler/run/13fa3361-dac6-418c-8205-bcbf78883892/data/.ica/user/events.db","time":"2023-08-19T13:15:09Z"}
{"file":"/ces/scheduler/run/13fa3361-dac6-418c-8205-bcbf78883892/data/.ica/user/bpe1-13fa3361-dac6-418c-8205-bcbf78883892-1pre/0/stdout.pjnhs.log","level":"info","msg":"finished uploading file","time":"2023-08-19T13:15:09Z","total_time":1080,"upload_to":"/6bd90a4d-878f-43f9-11bc-08da0fe1eeb9/analyses/test_CLI_run_v3-DRAGEN_Germline_BIMC_Clone-771c13db-e851-4b93-9cf6-ce15013dcb89-logs/bpe1-13fa3361-dac6-418c-8205-bcbf78883892-1pre/0/stdout.pjnhs.log"}
{"file":"/ces/scheduler/run/13fa3361-dac6-418c-8205-bcbf78883892/data/.ica/user/events.db","level":"info","msg":"uploading file from queue","time":"2023-08-19T13:15:09Z"}
{"level":"info","msg":"upload attempt: #0","time":"2023-08-19T13:15:09Z"}
{"file":"/ces/scheduler/run/13fa3361-dac6-418c-8205-bcbf78883892/data/.ica/user/events.db","level":"info","msg":"started uploading file","time":"2023-08-19T13:15:09Z"}
{"level":"info","msg":"queued file for upload","path":"/ces/scheduler/run/13fa3361-dac6-418c-8205-bcbf78883892/data/.ica/user/execution-report.html","time":"2023-08-19T13:15:09Z"}
{"file":"/ces/scheduler/run/13fa3361-dac6-418c-8205-bcbf78883892/data/.ica/user/bpe1-13fa3361-dac6-418c-8205-bcbf78883892-2uwf/0/stdout.p65j4.log","level":"info","msg":"finished uploading file","time":"2023-08-19T13:15:09Z","total_time":880,"upload_to":"/6bd90a4d-878f-43f9-11bc-08da0fe1eeb9/analyses/test_CLI_run_v3-DRAGEN_Germline_BIMC_Clone-771c13db-e851-4b93-9cf6-ce15013dcb89-logs/bpe1-13fa3361-dac6-418c-8205-bcbf78883892-2uwf/0/stdout.p65j4.log"}
{"file":"/ces/scheduler/run/13fa3361-dac6-418c-8205-bcbf78883892/data/.ica/user/execution-report.html","level":"info","msg":"uploading file from queue","time":"2023-08-19T13:15:09Z"}
{"level":"info","msg":"upload attempt: #0","time":"2023-08-19T13:15:09Z"}
{"file":"/ces/scheduler/run/13fa3361-dac6-418c-8205-bcbf78883892/data/.ica/user/execution-report.html","level":"info","msg":"started uploading file","time":"2023-08-19T13:15:09Z"}
{"level":"info","msg":"queued file for upload","path":"/ces/scheduler/run/13fa3361-dac6-418c-8205-bcbf78883892/data/.ica/user/metrics.db","time":"2023-08-19T13:15:09Z"}
{"file":"/ces/scheduler/run/13fa3361-dac6-418c-8205-bcbf78883892/data/.ica/user/bpe1-13fa3361-dac6-418c-8205-bcbf78883892-1pre/2/stdout.pjnhs.log","level":"info","msg":"finished uploading file","time":"2023-08-19T13:15:09Z","total_time":1290,"upload_to":"/6bd90a4d-878f-43f9-11bc-08da0fe1eeb9/analyses/test_CLI_run_v3-DRAGEN_Germline_BIMC_Clone-771c13db-e851-4b93-9cf6-ce15013dcb89-logs/bpe1-13fa3361-dac6-418c-8205-bcbf78883892-1pre/2/stdout.pjnhs.log"}
{"file":"/ces/scheduler/run/13fa3361-dac6-418c-8205-bcbf78883892/data/.ica/user/metrics.db","level":"info","msg":"uploading file from queue","time":"2023-08-19T13:15:09Z"}
{"level":"info","msg":"upload attempt: #0","time":"2023-08-19T13:15:09Z"}
{"file":"/ces/scheduler/run/13fa3361-dac6-418c-8205-bcbf78883892/data/.ica/user/metrics.db","level":"info","msg":"started uploading file","time":"2023-08-19T13:15:09Z"}
{"level":"info","msg":"queued file for upload","path":"/ces/scheduler/run/13fa3361-dac6-418c-8205-bcbf78883892/data/.ica/user/podevents.db","time":"2023-08-19T13:15:09Z"}
{"file":"/ces/scheduler/run/13fa3361-dac6-418c-8205-bcbf78883892/data/.ica/user/dag-report.dot","level":"info","msg":"finished uploading file","time":"2023-08-19T13:15:09Z","total_time":1060,"upload_to":"/6bd90a4d-878f-43f9-11bc-08da0fe1eeb9/analyses/test_CLI_run_v3-DRAGEN_Germline_BIMC_Clone-771c13db-e851-4b93-9cf6-ce15013dcb89-logs/dag-report.dot"}
{"file":"/ces/scheduler/run/13fa3361-dac6-418c-8205-bcbf78883892/data/.ica/user/podevents.db","level":"info","msg":"uploading file from queue","time":"2023-08-19T13:15:09Z"}
{"level":"info","msg":"upload attempt: #0","time":"2023-08-19T13:15:09Z"}
{"file":"/ces/scheduler/run/13fa3361-dac6-418c-8205-bcbf78883892/data/.ica/user/podevents.db","level":"info","msg":"started uploading file","time":"2023-08-19T13:15:09Z"}
{"file":"/ces/scheduler/run/13fa3361-dac6-418c-8205-bcbf78883892/data/.ica/user/debugging-output.log","level":"info","msg":"finished uploading file","time":"2023-08-19T13:15:09Z","total_time":1080,"upload_to":"/6bd90a4d-878f-43f9-11bc-08da0fe1eeb9/analyses/test_CLI_run_v3-DRAGEN_Germline_BIMC_Clone-771c13db-e851-4b93-9cf6-ce15013dcb89-logs/debugging-output.log"}
{"level":"info","msg":"queued file for upload","path":"/ces/scheduler/run/13fa3361-dac6-418c-8205-bcbf78883892/data/.ica/user/raw-engine-logs/.nextflow/cache/9aff26bc-d7fe-4f36-b64a-b7269cf81e98/db/000003.log","time":"2023-08-19T13:15:09Z"}
{"file":"/ces/scheduler/run/13fa3361-dac6-418c-8205-bcbf78883892/data/.ica/user/raw-engine-logs/.nextflow/cache/9aff26bc-d7fe-4f36-b64a-b7269cf81e98/db/000003.log","level":"info","msg":"uploading file from queue","time":"2023-08-19T13:15:09Z"}
{"level":"info","msg":"queued file for upload","path":"/ces/scheduler/run/13fa3361-dac6-418c-8205-bcbf78883892/data/.ica/user/raw-engine-logs/.nextflow/cache/9aff26bc-d7fe-4f36-b64a-b7269cf81e98/db/CURRENT","time":"2023-08-19T13:15:09Z"}
{"level":"info","msg":"upload attempt: #0","time":"2023-08-19T13:15:09Z"}
{"file":"/ces/scheduler/run/13fa3361-dac6-418c-8205-bcbf78883892/data/.ica/user/raw-engine-logs/.nextflow/cache/9aff26bc-d7fe-4f36-b64a-b7269cf81e98/db/000003.log","level":"info","msg":"started uploading file","time":"2023-08-19T13:15:09Z"}
{"file":"/ces/scheduler/run/13fa3361-dac6-418c-8205-bcbf78883892/data/.ica/user/bpe1-13fa3361-dac6-418c-8205-bcbf78883892-1pre/1/stdout.pjnhs.log","level":"info","msg":"finished uploading file","time":"2023-08-19T13:15:09Z","total_time":890,"upload_to":"/6bd90a4d-878f-43f9-11bc-08da0fe1eeb9/analyses/test_CLI_run_v3-DRAGEN_Germline_BIMC_Clone-771c13db-e851-4b93-9cf6-ce15013dcb89-logs/bpe1-13fa3361-dac6-418c-8205-bcbf78883892-1pre/1/stdout.pjnhs.log"}
{"file":"/ces/scheduler/run/13fa3361-dac6-418c-8205-bcbf78883892/data/.ica/user/raw-engine-logs/.nextflow/cache/9aff26bc-d7fe-4f36-b64a-b7269cf81e98/db/CURRENT","level":"info","msg":"uploading file from queue","time":"2023-08-19T13:15:09Z"}
{"level":"info","msg":"upload attempt: #0","time":"2023-08-19T13:15:09Z"}
{"file":"/ces/scheduler/run/13fa3361-dac6-418c-8205-bcbf78883892/data/.ica/user/raw-engine-logs/.nextflow/cache/9aff26bc-d7fe-4f36-b64a-b7269cf81e98/db/CURRENT","level":"info","msg":"started uploading file","time":"2023-08-19T13:15:09Z"}
{"level":"info","msg":"queued file for upload","path":"/ces/scheduler/run/13fa3361-dac6-418c-8205-bcbf78883892/data/.ica/user/raw-engine-logs/.nextflow/cache/9aff26bc-d7fe-4f36-b64a-b7269cf81e98/db/LOCK","time":"2023-08-19T13:15:09Z"}
{"file":"/ces/scheduler/run/13fa3361-dac6-418c-8205-bcbf78883892/data/.ica/user/bpe1-13fa3361-dac6-418c-8205-bcbf78883892-3post/0/stdout.4bd9j.log","level":"info","msg":"finished uploading file","time":"2023-08-19T13:15:09Z","total_time":860,"upload_to":"/6bd90a4d-878f-43f9-11bc-08da0fe1eeb9/analyses/test_CLI_run_v3-DRAGEN_Germline_BIMC_Clone-771c13db-e851-4b93-9cf6-ce15013dcb89-logs/bpe1-13fa3361-dac6-418c-8205-bcbf78883892-3post/0/stdout.4bd9j.log"}
{"file":"/ces/scheduler/run/13fa3361-dac6-418c-8205-bcbf78883892/data/.ica/user/raw-engine-logs/.nextflow/cache/9aff26bc-d7fe-4f36-b64a-b7269cf81e98/db/LOCK","level":"info","msg":"uploading file from queue","time":"2023-08-19T13:15:09Z"}
{"level":"info","msg":"upload attempt: #0","time":"2023-08-19T13:15:09Z"}
{"file":"/ces/scheduler/run/13fa3361-dac6-418c-8205-bcbf78883892/data/.ica/user/raw-engine-logs/.nextflow/cache/9aff26bc-d7fe-4f36-b64a-b7269cf81e98/db/LOCK","level":"info","msg":"started uploading file","time":"2023-08-19T13:15:09Z"}
{"level":"info","msg":"queued file for upload","path":"/ces/scheduler/run/13fa3361-dac6-418c-8205-bcbf78883892/data/.ica/user/raw-engine-logs/.nextflow/cache/9aff26bc-d7fe-4f36-b64a-b7269cf81e98/db/MANIFEST-000002","time":"2023-08-19T13:15:09Z"}
{"file":"/ces/scheduler/run/13fa3361-dac6-418c-8205-bcbf78883892/data/.ica/user/bpe1-13fa3361-dac6-418c-8205-bcbf78883892-3post/1/stdout.4bd9j.log","level":"info","msg":"finished uploading file","time":"2023-08-19T13:15:09Z","total_time":940,"upload_to":"/6bd90a4d-878f-43f9-11bc-08da0fe1eeb9/analyses/test_CLI_run_v3-DRAGEN_Germline_BIMC_Clone-771c13db-e851-4b93-9cf6-ce15013dcb89-logs/bpe1-13fa3361-dac6-418c-8205-bcbf78883892-3post/1/stdout.4bd9j.log"}
{"file":"/ces/scheduler/run/13fa3361-dac6-418c-8205-bcbf78883892/data/.ica/user/raw-engine-logs/.nextflow/cache/9aff26bc-d7fe-4f36-b64a-b7269cf81e98/db/MANIFEST-000002","level":"info","msg":"uploading file from queue","time":"2023-08-19T13:15:09Z"}
{"level":"info","msg":"upload attempt: #0","time":"2023-08-19T13:15:09Z"}
{"file":"/ces/scheduler/run/13fa3361-dac6-418c-8205-bcbf78883892/data/.ica/user/raw-engine-logs/.nextflow/cache/9aff26bc-d7fe-4f36-b64a-b7269cf81e98/db/MANIFEST-000002","level":"info","msg":"started uploading file","time":"2023-08-19T13:15:09Z"}
{"level":"info","msg":"queued file for upload","path":"/ces/scheduler/run/13fa3361-dac6-418c-8205-bcbf78883892/data/.ica/user/raw-engine-logs/.nextflow/cache/9aff26bc-d7fe-4f36-b64a-b7269cf81e98/index.confident_brattain","time":"2023-08-19T13:15:09Z"}
{"file":"/ces/scheduler/run/13fa3361-dac6-418c-8205-bcbf78883892/data/.ica/user/raw-engine-logs/.nextflow/cache/9aff26bc-d7fe-4f36-b64a-b7269cf81e98/db/000003.log","level":"info","msg":"finished uploading file","time":"2023-08-19T13:15:09Z","total_time":1040,"upload_to":"/6bd90a4d-878f-43f9-11bc-08da0fe1eeb9/analyses/test_CLI_run_v3-DRAGEN_Germline_BIMC_Clone-771c13db-e851-4b93-9cf6-ce15013dcb89-logs/raw-engine-logs/.nextflow/cache/9aff26bc-d7fe-4f36-b64a-b7269cf81e98/db/000003.log"}
{"file":"/ces/scheduler/run/13fa3361-dac6-418c-8205-bcbf78883892/data/.ica/user/raw-engine-logs/.nextflow/cache/9aff26bc-d7fe-4f36-b64a-b7269cf81e98/index.confident_brattain","level":"info","msg":"uploading file from queue","time":"2023-08-19T13:15:09Z"}
{"level":"info","msg":"upload attempt: #0","time":"2023-08-19T13:15:09Z"}
{"file":"/ces/scheduler/run/13fa3361-dac6-418c-8205-bcbf78883892/data/.ica/user/raw-engine-logs/.nextflow/cache/9aff26bc-d7fe-4f36-b64a-b7269cf81e98/index.confident_brattain","level":"info","msg":"started uploading file","time":"2023-08-19T13:15:09Z"}
{"level":"info","msg":"queued file for upload","path":"/ces/scheduler/run/13fa3361-dac6-418c-8205-bcbf78883892/data/.ica/user/raw-engine-logs/.nextflow/history","time":"2023-08-19T13:15:09Z"}
{"file":"/ces/scheduler/run/13fa3361-dac6-418c-8205-bcbf78883892/data/.ica/user/events.db","level":"info","msg":"finished uploading file","time":"2023-08-19T13:15:09Z","total_time":770,"upload_to":"/6bd90a4d-878f-43f9-11bc-08da0fe1eeb9/analyses/test_CLI_run_v3-DRAGEN_Germline_BIMC_Clone-771c13db-e851-4b93-9cf6-ce15013dcb89-logs/events.db"}
{"file":"/ces/scheduler/run/13fa3361-dac6-418c-8205-bcbf78883892/data/.ica/user/raw-engine-logs/.nextflow/history","level":"info","msg":"uploading file from queue","time":"2023-08-19T13:15:09Z"}
{"level":"info","msg":"upload attempt: #0","time":"2023-08-19T13:15:09Z"}
{"file":"/ces/scheduler/run/13fa3361-dac6-418c-8205-bcbf78883892/data/.ica/user/raw-engine-logs/.nextflow/history","level":"info","msg":"started uploading file","time":"2023-08-19T13:15:09Z"}
{"level":"info","msg":"queued file for upload","path":"/ces/scheduler/run/13fa3361-dac6-418c-8205-bcbf78883892/data/.ica/user/raw-engine-logs/.nextflow.log","time":"2023-08-19T13:15:09Z"}
{"file":"/ces/scheduler/run/13fa3361-dac6-418c-8205-bcbf78883892/data/.ica/user/bpe1-13fa3361-dac6-418c-8205-bcbf78883892-3post/1/stderr.4bd9j.log","level":"info","msg":"finished uploading file","time":"2023-08-19T13:15:09Z","total_time":790,"upload_to":"/6bd90a4d-878f-43f9-11bc-08da0fe1eeb9/analyses/test_CLI_run_v3-DRAGEN_Germline_BIMC_Clone-771c13db-e851-4b93-9cf6-ce15013dcb89-logs/bpe1-13fa3361-dac6-418c-8205-bcbf78883892-3post/1/stderr.4bd9j.log"}
{"file":"/ces/scheduler/run/13fa3361-dac6-418c-8205-bcbf78883892/data/.ica/user/raw-engine-logs/.nextflow.log","level":"info","msg":"uploading file from queue","time":"2023-08-19T13:15:09Z"}
{"level":"info","msg":"upload attempt: #0","time":"2023-08-19T13:15:09Z"}
{"file":"/ces/scheduler/run/13fa3361-dac6-418c-8205-bcbf78883892/data/.ica/user/raw-engine-logs/.nextflow.log","level":"info","msg":"started uploading file","time":"2023-08-19T13:15:09Z"}
{"level":"info","msg":"queued file for upload","path":"/ces/scheduler/run/13fa3361-dac6-418c-8205-bcbf78883892/data/.ica/user/raw_events.log","time":"2023-08-19T13:15:09Z"}
{"file":"/ces/scheduler/run/13fa3361-dac6-418c-8205-bcbf78883892/data/.ica/user/raw-engine-logs/.nextflow/cache/9aff26bc-d7fe-4f36-b64a-b7269cf81e98/db/MANIFEST-000002","level":"info","msg":"finished uploading file","time":"2023-08-19T13:15:09Z","total_time":860,"upload_to":"/6bd90a4d-878f-43f9-11bc-08da0fe1eeb9/analyses/test_CLI_run_v3-DRAGEN_Germline_BIMC_Clone-771c13db-e851-4b93-9cf6-ce15013dcb89-logs/raw-engine-logs/.nextflow/cache/9aff26bc-d7fe-4f36-b64a-b7269cf81e98/db/MANIFEST-000002"}
{"file":"/ces/scheduler/run/13fa3361-dac6-418c-8205-bcbf78883892/data/.ica/user/raw_events.log","level":"info","msg":"uploading file from queue","time":"2023-08-19T13:15:09Z"}
{"level":"info","msg":"upload attempt: #0","time":"2023-08-19T13:15:09Z"}
{"file":"/ces/scheduler/run/13fa3361-dac6-418c-8205-bcbf78883892/data/.ica/user/raw_events.log","level":"info","msg":"started uploading file","time":"2023-08-19T13:15:09Z"}
{"level":"info","msg":"queued file for upload","path":"/ces/scheduler/run/13fa3361-dac6-418c-8205-bcbf78883892/data/.ica/user/timeline-report.html","time":"2023-08-19T13:15:09Z"}
{"file":"/ces/scheduler/run/13fa3361-dac6-418c-8205-bcbf78883892/data/.ica/user/raw-engine-logs/.nextflow/cache/9aff26bc-d7fe-4f36-b64a-b7269cf81e98/db/CURRENT","level":"info","msg":"finished uploading file","time":"2023-08-19T13:15:09Z","total_time":1170,"upload_to":"/6bd90a4d-878f-43f9-11bc-08da0fe1eeb9/analyses/test_CLI_run_v3-DRAGEN_Germline_BIMC_Clone-771c13db-e851-4b93-9cf6-ce15013dcb89-logs/raw-engine-logs/.nextflow/cache/9aff26bc-d7fe-4f36-b64a-b7269cf81e98/db/CURRENT"}
{"file":"/ces/scheduler/run/13fa3361-dac6-418c-8205-bcbf78883892/data/.ica/user/timeline-report.html","level":"info","msg":"uploading file from queue","time":"2023-08-19T13:15:09Z"}
{"level":"info","msg":"upload attempt: #0","time":"2023-08-19T13:15:09Z"}
{"file":"/ces/scheduler/run/13fa3361-dac6-418c-8205-bcbf78883892/data/.ica/user/timeline-report.html","level":"info","msg":"started uploading file","time":"2023-08-19T13:15:09Z"}
{"level":"info","msg":"queued file for upload","path":"/ces/scheduler/run/13fa3361-dac6-418c-8205-bcbf78883892/data/.ica/user/trace-report.txt","time":"2023-08-19T13:15:09Z"}
{"file":"/ces/scheduler/run/13fa3361-dac6-418c-8205-bcbf78883892/data/.ica/user/raw-engine-logs/.nextflow/cache/9aff26bc-d7fe-4f36-b64a-b7269cf81e98/index.confident_brattain","level":"info","msg":"finished uploading file","time":"2023-08-19T13:15:09Z","total_time":990,"upload_to":"/6bd90a4d-878f-43f9-11bc-08da0fe1eeb9/analyses/test_CLI_run_v3-DRAGEN_Germline_BIMC_Clone-771c13db-e851-4b93-9cf6-ce15013dcb89-logs/raw-engine-logs/.nextflow/cache/9aff26bc-d7fe-4f36-b64a-b7269cf81e98/index.confident_brattain"}
{"file":"/ces/scheduler/run/13fa3361-dac6-418c-8205-bcbf78883892/data/.ica/user/trace-report.txt","level":"info","msg":"uploading file from queue","time":"2023-08-19T13:15:09Z"}
{"level":"info","msg":"upload attempt: #0","time":"2023-08-19T13:15:09Z"}
{"file":"/ces/scheduler/run/13fa3361-dac6-418c-8205-bcbf78883892/data/.ica/user/trace-report.txt","level":"info","msg":"started uploading file","time":"2023-08-19T13:15:09Z"}
{"level":"info","msg":"queued file for upload","path":"/ces/scheduler/run/13fa3361-dac6-418c-8205-bcbf78883892/data/.ica/user/work/18/30858037773227bb271ac6d8bb1d44/.command.err","time":"2023-08-19T13:15:09Z"}
{"file":"/ces/scheduler/run/13fa3361-dac6-418c-8205-bcbf78883892/data/.ica/user/debugging-commands.db","level":"info","msg":"finished uploading file","time":"2023-08-19T13:15:09Z","total_time":900,"upload_to":"/6bd90a4d-878f-43f9-11bc-08da0fe1eeb9/analyses/test_CLI_run_v3-DRAGEN_Germline_BIMC_Clone-771c13db-e851-4b93-9cf6-ce15013dcb89-logs/debugging-commands.db"}
{"file":"/ces/scheduler/run/13fa3361-dac6-418c-8205-bcbf78883892/data/.ica/user/work/18/30858037773227bb271ac6d8bb1d44/.command.err","level":"info","msg":"uploading file from queue","time":"2023-08-19T13:15:09Z"}
{"level":"info","msg":"upload attempt: #0","time":"2023-08-19T13:15:09Z"}
{"file":"/ces/scheduler/run/13fa3361-dac6-418c-8205-bcbf78883892/data/.ica/user/work/18/30858037773227bb271ac6d8bb1d44/.command.err","level":"info","msg":"started uploading file","time":"2023-08-19T13:15:09Z"}
{"level":"info","msg":"queued file for upload","path":"/ces/scheduler/run/13fa3361-dac6-418c-8205-bcbf78883892/data/.ica/user/work/18/30858037773227bb271ac6d8bb1d44/.command.out","time":"2023-08-19T13:15:09Z"}
{"file":"/ces/scheduler/run/13fa3361-dac6-418c-8205-bcbf78883892/data/.ica/user/raw-engine-logs/.nextflow/cache/9aff26bc-d7fe-4f36-b64a-b7269cf81e98/db/LOCK","level":"info","msg":"finished uploading file","time":"2023-08-19T13:15:09Z","total_time":890,"upload_to":"/6bd90a4d-878f-43f9-11bc-08da0fe1eeb9/analyses/test_CLI_run_v3-DRAGEN_Germline_BIMC_Clone-771c13db-e851-4b93-9cf6-ce15013dcb89-logs/raw-engine-logs/.nextflow/cache/9aff26bc-d7fe-4f36-b64a-b7269cf81e98/db/LOCK"}
{"file":"/ces/scheduler/run/13fa3361-dac6-418c-8205-bcbf78883892/data/.ica/user/work/18/30858037773227bb271ac6d8bb1d44/.command.out","level":"info","msg":"uploading file from queue","time":"2023-08-19T13:15:09Z"}
{"level":"info","msg":"upload attempt: #0","time":"2023-08-19T13:15:09Z"}
{"file":"/ces/scheduler/run/13fa3361-dac6-418c-8205-bcbf78883892/data/.ica/user/work/18/30858037773227bb271ac6d8bb1d44/.command.out","level":"info","msg":"started uploading file","time":"2023-08-19T13:15:09Z"}
{"file":"/ces/scheduler/run/13fa3361-dac6-418c-8205-bcbf78883892/data/.ica/user/raw-engine-logs/.nextflow/history","level":"info","msg":"finished uploading file","time":"2023-08-19T13:15:09Z","total_time":750,"upload_to":"/6bd90a4d-878f-43f9-11bc-08da0fe1eeb9/analyses/test_CLI_run_v3-DRAGEN_Germline_BIMC_Clone-771c13db-e851-4b93-9cf6-ce15013dcb89-logs/raw-engine-logs/.nextflow/history"}
{"file":"/ces/scheduler/run/13fa3361-dac6-418c-8205-bcbf78883892/data/.ica/user/trace-report.txt","level":"info","msg":"finished uploading file","time":"2023-08-19T13:15:09Z","total_time":640,"upload_to":"/6bd90a4d-878f-43f9-11bc-08da0fe1eeb9/analyses/test_CLI_run_v3-DRAGEN_Germline_BIMC_Clone-771c13db-e851-4b93-9cf6-ce15013dcb89-logs/trace-report.txt"}
{"file":"/ces/scheduler/run/13fa3361-dac6-418c-8205-bcbf78883892/data/.ica/user/raw_events.log","level":"info","msg":"finished uploading file","time":"2023-08-19T13:15:09Z","total_time":840,"upload_to":"/6bd90a4d-878f-43f9-11bc-08da0fe1eeb9/analyses/test_CLI_run_v3-DRAGEN_Germline_BIMC_Clone-771c13db-e851-4b93-9cf6-ce15013dcb89-logs/raw_events.log"}
{"file":"/ces/scheduler/run/13fa3361-dac6-418c-8205-bcbf78883892/data/.ica/user/timeline-report.html","level":"info","msg":"finished uploading file","time":"2023-08-19T13:15:09Z","total_time":870,"upload_to":"/6bd90a4d-878f-43f9-11bc-08da0fe1eeb9/analyses/test_CLI_run_v3-DRAGEN_Germline_BIMC_Clone-771c13db-e851-4b93-9cf6-ce15013dcb89-logs/timeline-report.html"}
{"file":"/ces/scheduler/run/13fa3361-dac6-418c-8205-bcbf78883892/data/.ica/user/raw-engine-logs/.nextflow.log","level":"info","msg":"finished uploading file","time":"2023-08-19T13:15:09Z","total_time":1090,"upload_to":"/6bd90a4d-878f-43f9-11bc-08da0fe1eeb9/analyses/test_CLI_run_v3-DRAGEN_Germline_BIMC_Clone-771c13db-e851-4b93-9cf6-ce15013dcb89-logs/raw-engine-logs/.nextflow.log"}
{"file":"/ces/scheduler/run/13fa3361-dac6-418c-8205-bcbf78883892/data/.ica/user/metrics.db","level":"info","msg":"finished uploading file","time":"2023-08-19T13:15:09Z","total_time":790,"upload_to":"/6bd90a4d-878f-43f9-11bc-08da0fe1eeb9/analyses/test_CLI_run_v3-DRAGEN_Germline_BIMC_Clone-771c13db-e851-4b93-9cf6-ce15013dcb89-logs/metrics.db"}
{"file":"/ces/scheduler/run/13fa3361-dac6-418c-8205-bcbf78883892/data/.ica/user/work/18/30858037773227bb271ac6d8bb1d44/.command.out","level":"info","msg":"finished uploading file","time":"2023-08-19T13:15:09Z","total_time":870,"upload_to":"/6bd90a4d-878f-43f9-11bc-08da0fe1eeb9/analyses/test_CLI_run_v3-DRAGEN_Germline_BIMC_Clone-771c13db-e851-4b93-9cf6-ce15013dcb89-logs/work/18/30858037773227bb271ac6d8bb1d44/.command.out"}
{"file":"/ces/scheduler/run/13fa3361-dac6-418c-8205-bcbf78883892/data/.ica/user/work/18/30858037773227bb271ac6d8bb1d44/.command.err","level":"info","msg":"finished uploading file","time":"2023-08-19T13:15:09Z","total_time":930,"upload_to":"/6bd90a4d-878f-43f9-11bc-08da0fe1eeb9/analyses/test_CLI_run_v3-DRAGEN_Germline_BIMC_Clone-771c13db-e851-4b93-9cf6-ce15013dcb89-logs/work/18/30858037773227bb271ac6d8bb1d44/.command.err"}
{"file":"/ces/scheduler/run/13fa3361-dac6-418c-8205-bcbf78883892/data/.ica/user/podevents.db","level":"info","msg":"finished uploading file","time":"2023-08-19T13:15:09Z","total_time":850,"upload_to":"/6bd90a4d-878f-43f9-11bc-08da0fe1eeb9/analyses/test_CLI_run_v3-DRAGEN_Germline_BIMC_Clone-771c13db-e851-4b93-9cf6-ce15013dcb89-logs/podevents.db"}
{"file":"/ces/scheduler/run/13fa3361-dac6-418c-8205-bcbf78883892/data/.ica/user/execution-report.html","level":"info","msg":"finished uploading file","time":"2023-08-19T13:15:09Z","total_time":930,"upload_to":"/6bd90a4d-878f-43f9-11bc-08da0fe1eeb9/analyses/test_CLI_run_v3-DRAGEN_Germline_BIMC_Clone-771c13db-e851-4b93-9cf6-ce15013dcb89-logs/execution-report.html"}
{"level":"info","msg":"all done","time":"2023-08-19T13:15:09Z","total_time":29428986252}
